<?xml version="1.0" encoding="utf-8"?>
<!DOCTYPE coverage SYSTEM "http://cobertura.sourceforge.net/xml/coverage-04.dtd">
<coverage line-rate="0.9143126177024482" branch-rate="0.9086294416243654" lines-covered="971" lines-valid="1062" branches-covered="358" branches-valid="394" complexity="509" version="0" timestamp="1748650935">
  <sources>
    <source>c:\agent\_work\9\s\Code\PropertyGridHelpers\</source>
  </sources>
  <packages>
    <package name="PropertyGridHelpers" line-rate="0.9143126177024482" branch-rate="0.9086294416243654" complexity="509">
      <classes>
        <class name="PropertyGridHelpers.Attributes.AllowBlankAttribute" filename="c:\agent\_work\9\s\Code\PropertyGridHelpers\Attributes\AllowBlankAttribute.cs" line-rate="1" branch-rate="1" complexity="35">
          <methods>
            <method name="AllowBlankAttribute" signature="(bool, bool, string)" line-rate="1" branch-rate="1">
              <lines>
                <line number="63" hits="16" branch="false" />
                <line number="64" hits="8" branch="false" />
                <line number="65" hits="16" branch="false" />
                <line number="66" hits="16" branch="false" />
                <line number="67" hits="16" branch="false" />
                <line number="68" hits="16" branch="false" />
              </lines>
            </method>
            <method name="GetAllowBlankAttribute" signature="(System.ComponentModel.ITypeDescriptorContext)" line-rate="1" branch-rate="1" complexity="4">
              <lines>
                <line number="121" hits="104" branch="false" />
                <line number="122" hits="112" branch="true" condition-coverage="100% (2/2)" />
                <line number="123" hits="112" branch="true" condition-coverage="100% (2/2)" />
                <line number="124" hits="104" branch="false" />
              </lines>
            </method>
            <method name="IsBlankAllowed" signature="(System.ComponentModel.ITypeDescriptorContext)" line-rate="1" branch-rate="1" complexity="2">
              <lines>
                <line number="134" hits="48" branch="false" />
                <line number="135" hits="56" branch="false" />
                <line number="136" hits="56" branch="true" condition-coverage="100% (2/2)" />
                <line number="137" hits="48" branch="false" />
              </lines>
            </method>
            <method name="GetBlankLabel" signature="(System.ComponentModel.ITypeDescriptorContext)" line-rate="1" branch-rate="1" complexity="24">
              <lines>
                <line number="146" hits="56" branch="false" />
                <line number="147" hits="64" branch="true" condition-coverage="100% (6/6)" />
                <line number="148" hits="20" branch="false" />
                <line number="151" hits="60" branch="false" />
                <line number="152" hits="60" branch="true" condition-coverage="100% (4/4)" />
                <line number="153" hits="20" branch="false" />
                <line number="156" hits="56" branch="false" />
                <line number="157" hits="56" branch="false" />
                <line number="159" hits="56" branch="false" />
                <line number="160" hits="56" branch="true" condition-coverage="100% (4/4)" />
                <line number="161" hits="36" branch="false" />
                <line number="164" hits="56" branch="true" condition-coverage="100% (4/4)" />
                <line number="165" hits="40" branch="false" />
                <line number="167" hits="40" branch="false" />
                <line number="168" hits="48" branch="true" condition-coverage="100% (2/2)" />
                <line number="169" hits="20" branch="false" />
                <line number="170" hits="28" branch="false" />
                <line number="171" hits="28" branch="false" />
                <line number="173" hits="28" branch="false" />
                <line number="174" hits="24" branch="false" />
                <line number="175" hits="24" branch="true" condition-coverage="100% (2/2)" />
                <line number="176" hits="20" branch="false" />
                <line number="177" hits="12" branch="false" />
                <line number="178" hits="40" branch="false" />
                <line number="179" hits="20" branch="false" />
                <line number="180" hits="12" branch="false" />
                <line number="182" hits="20" branch="false" />
                <line number="183" hits="36" branch="false" />
                <line number="186" hits="52" branch="true" condition-coverage="100% (2/2)" />
                <line number="187" hits="64" branch="false" />
              </lines>
            </method>
            <method name="ToString" signature="()" line-rate="1" branch-rate="1" complexity="1">
              <lines>
                <line number="196" hits="20" branch="false" />
              </lines>
            </method>
            <method name="GetAllowBlankAttribute" signature="(System.ComponentModel.ITypeDescriptorContext)" line-rate="1" branch-rate="1">
              <lines>
                <line number="122" hits="112" branch="true" condition-coverage="100% (2/2)" />
                <line number="123" hits="112" branch="true" condition-coverage="100% (2/2)" />
              </lines>
            </method>
            <method name="IsBlankAllowed" signature="(System.ComponentModel.ITypeDescriptorContext)" line-rate="1" branch-rate="1">
              <lines>
                <line number="135" hits="56" branch="false" />
                <line number="136" hits="56" branch="true" condition-coverage="100% (2/2)" />
              </lines>
            </method>
            <method name="GetBlankLabel" signature="(System.ComponentModel.ITypeDescriptorContext)" line-rate="1" branch-rate="1">
              <lines>
                <line number="147" hits="64" branch="true" condition-coverage="100% (6/6)" />
                <line number="148" hits="20" branch="false" />
                <line number="151" hits="60" branch="false" />
                <line number="152" hits="60" branch="true" condition-coverage="100% (4/4)" />
                <line number="153" hits="20" branch="false" />
                <line number="156" hits="56" branch="false" />
                <line number="157" hits="56" branch="false" />
                <line number="159" hits="56" branch="false" />
                <line number="160" hits="56" branch="true" condition-coverage="100% (4/4)" />
                <line number="161" hits="36" branch="false" />
                <line number="164" hits="56" branch="true" condition-coverage="100% (4/4)" />
                <line number="165" hits="40" branch="false" />
                <line number="167" hits="40" branch="false" />
                <line number="168" hits="48" branch="true" condition-coverage="100% (2/2)" />
                <line number="169" hits="20" branch="false" />
                <line number="170" hits="28" branch="false" />
                <line number="171" hits="28" branch="false" />
                <line number="173" hits="28" branch="false" />
                <line number="174" hits="24" branch="false" />
                <line number="175" hits="24" branch="true" condition-coverage="100% (2/2)" />
                <line number="176" hits="20" branch="false" />
                <line number="177" hits="12" branch="false" />
                <line number="178" hits="40" branch="false" />
                <line number="179" hits="20" branch="false" />
                <line number="180" hits="12" branch="false" />
                <line number="182" hits="20" branch="false" />
                <line number="183" hits="36" branch="false" />
                <line number="186" hits="52" branch="true" condition-coverage="100% (2/2)" />
                <line number="187" hits="64" branch="false" />
              </lines>
            </method>
            <method name="get_Allow" signature="()" line-rate="1" branch-rate="1" complexity="1">
              <lines>
                <line number="79" hits="80" branch="false" />
              </lines>
            </method>
            <method name="get_IncludeItem" signature="()" line-rate="1" branch-rate="1" complexity="1">
              <lines>
                <line number="93" hits="92" branch="false" />
              </lines>
            </method>
            <method name="get_ResourceItem" signature="()" line-rate="1" branch-rate="1" complexity="1">
              <lines>
                <line number="108" hits="60" branch="false" />
              </lines>
            </method>
            <method name=".ctor" signature="(System.Boolean,System.Boolean,System.String)" line-rate="1" branch-rate="1" complexity="1">
              <lines>
                <line number="33" hits="48" branch="false" />
                <line number="63" hits="16" branch="false" />
                <line number="64" hits="8" branch="false" />
                <line number="65" hits="16" branch="false" />
                <line number="66" hits="16" branch="false" />
                <line number="67" hits="16" branch="false" />
                <line number="68" hits="16" branch="false" />
                <line number="79" hits="80" branch="false" />
                <line number="81" hits="48" branch="false" />
                <line number="93" hits="92" branch="false" />
                <line number="95" hits="48" branch="false" />
                <line number="108" hits="60" branch="false" />
                <line number="110" hits="48" branch="false" />
              </lines>
            </method>
          </methods>
          <lines>
            <line number="33" hits="48" branch="false" />
            <line number="63" hits="16" branch="false" />
            <line number="64" hits="8" branch="false" />
            <line number="65" hits="16" branch="false" />
            <line number="66" hits="16" branch="false" />
            <line number="67" hits="16" branch="false" />
            <line number="68" hits="16" branch="false" />
            <line number="79" hits="80" branch="false" />
            <line number="81" hits="48" branch="false" />
            <line number="93" hits="92" branch="false" />
            <line number="95" hits="48" branch="false" />
            <line number="108" hits="60" branch="false" />
            <line number="110" hits="48" branch="false" />
            <line number="121" hits="104" branch="false" />
            <line number="122" hits="112" branch="true" condition-coverage="100% (2/2)" />
            <line number="123" hits="112" branch="true" condition-coverage="100% (2/2)" />
            <line number="124" hits="104" branch="false" />
            <line number="134" hits="48" branch="false" />
            <line number="135" hits="56" branch="false" />
            <line number="136" hits="56" branch="true" condition-coverage="100% (2/2)" />
            <line number="137" hits="48" branch="false" />
            <line number="146" hits="56" branch="false" />
            <line number="147" hits="64" branch="true" condition-coverage="100% (6/6)" />
            <line number="148" hits="20" branch="false" />
            <line number="151" hits="60" branch="false" />
            <line number="152" hits="60" branch="true" condition-coverage="100% (4/4)" />
            <line number="153" hits="20" branch="false" />
            <line number="156" hits="56" branch="false" />
            <line number="157" hits="56" branch="false" />
            <line number="159" hits="56" branch="false" />
            <line number="160" hits="56" branch="true" condition-coverage="100% (4/4)" />
            <line number="161" hits="36" branch="false" />
            <line number="164" hits="56" branch="true" condition-coverage="100% (4/4)" />
            <line number="165" hits="40" branch="false" />
            <line number="167" hits="40" branch="false" />
            <line number="168" hits="48" branch="true" condition-coverage="100% (2/2)" />
            <line number="169" hits="20" branch="false" />
            <line number="170" hits="28" branch="false" />
            <line number="171" hits="28" branch="false" />
            <line number="173" hits="28" branch="false" />
            <line number="174" hits="24" branch="false" />
            <line number="175" hits="24" branch="true" condition-coverage="100% (2/2)" />
            <line number="176" hits="20" branch="false" />
            <line number="177" hits="12" branch="false" />
            <line number="178" hits="40" branch="false" />
            <line number="179" hits="20" branch="false" />
            <line number="180" hits="12" branch="false" />
            <line number="182" hits="20" branch="false" />
            <line number="183" hits="36" branch="false" />
            <line number="186" hits="52" branch="true" condition-coverage="100% (2/2)" />
            <line number="187" hits="64" branch="false" />
            <line number="196" hits="20" branch="false" />
          </lines>
        </class>
        <class name="PropertyGridHelpers.Attributes.AutoCompleteSetupAttribute" filename="c:\agent\_work\9\s\Code\PropertyGridHelpers\Attributes\AutoCompleteSetupAttribute.cs" line-rate="0" branch-rate="0" complexity="29">
          <methods>
            <method name="AutoCompleteSetupAttribute" signature="(System.Windows.Forms.AutoCompleteSource)" line-rate="0" branch-rate="1">
              <lines>
                <line number="152" hits="0" branch="false" />
              </lines>
            </method>
            <method name="AutoCompleteSetupAttribute" signature="(System.Windows.Forms.AutoCompleteSource, System.Windows.Forms.ComboBoxStyle)" line-rate="0" branch-rate="1">
              <lines>
                <line number="162" hits="0" branch="false" />
              </lines>
            </method>
            <method name="AutoCompleteSetupAttribute" signature="(System.Windows.Forms.AutoCompleteMode, System.Windows.Forms.AutoCompleteSource, System.Windows.Forms.ComboBoxStyle)" line-rate="0" branch-rate="1">
              <lines>
                <line number="170" hits="0" branch="false" />
                <line number="171" hits="0" branch="false" />
                <line number="172" hits="0" branch="false" />
                <line number="173" hits="0" branch="false" />
                <line number="174" hits="0" branch="false" />
                <line number="175" hits="0" branch="false" />
                <line number="176" hits="0" branch="false" />
                <line number="177" hits="0" branch="false" />
                <line number="178" hits="0" branch="false" />
              </lines>
            </method>
            <method name="AutoCompleteSetupAttribute" signature="(string[])" line-rate="0" branch-rate="1">
              <lines>
                <line number="186" hits="0" branch="false" />
              </lines>
            </method>
            <method name="AutoCompleteSetupAttribute" signature="(System.Windows.Forms.ComboBoxStyle, string[])" line-rate="0" branch-rate="1">
              <lines>
                <line number="196" hits="0" branch="false" />
              </lines>
            </method>
            <method name="AutoCompleteSetupAttribute" signature="(System.Windows.Forms.AutoCompleteMode, string[])" line-rate="0" branch-rate="1">
              <lines>
                <line number="206" hits="0" branch="false" />
              </lines>
            </method>
            <method name="AutoCompleteSetupAttribute" signature="(System.Windows.Forms.AutoCompleteMode, System.Windows.Forms.ComboBoxStyle, string[])" line-rate="0" branch-rate="0">
              <lines>
                <line number="215" hits="0" branch="false" />
                <line number="216" hits="0" branch="false" />
                <line number="217" hits="0" branch="false" />
                <line number="218" hits="0" branch="false" />
                <line number="219" hits="0" branch="false" />
                <line number="220" hits="0" branch="false" />
                <line number="221" hits="0" branch="false" />
                <line number="222" hits="0" branch="false" />
                <line number="223" hits="0" branch="true" condition-coverage="0% (0/4)" />
                <line number="224" hits="0" branch="false" />
              </lines>
            </method>
            <method name="AutoCompleteSetupAttribute" signature="(System.Type)" line-rate="0" branch-rate="1">
              <lines>
                <line number="232" hits="0" branch="false" />
              </lines>
            </method>
            <method name="AutoCompleteSetupAttribute" signature="(System.Windows.Forms.AutoCompleteMode, System.Type)" line-rate="0" branch-rate="1">
              <lines>
                <line number="242" hits="0" branch="false" />
              </lines>
            </method>
            <method name="AutoCompleteSetupAttribute" signature="(System.Windows.Forms.ComboBoxStyle, System.Type)" line-rate="0" branch-rate="1">
              <lines>
                <line number="252" hits="0" branch="false" />
              </lines>
            </method>
            <method name="AutoCompleteSetupAttribute" signature="(System.Windows.Forms.AutoCompleteMode, System.Windows.Forms.ComboBoxStyle, System.Type)" line-rate="0" branch-rate="0">
              <lines>
                <line number="270" hits="0" branch="false" />
                <line number="271" hits="0" branch="false" />
                <line number="272" hits="0" branch="false" />
                <line number="273" hits="0" branch="false" />
                <line number="274" hits="0" branch="false" />
                <line number="275" hits="0" branch="false" />
                <line number="276" hits="0" branch="false" />
                <line number="277" hits="0" branch="false" />
                <line number="280" hits="0" branch="false" />
                <line number="282" hits="0" branch="false" />
                <line number="285" hits="0" branch="true" condition-coverage="0% (0/2)" />
                <line number="286" hits="0" branch="false" />
                <line number="287" hits="0" branch="false" />
                <line number="288" hits="0" branch="true" condition-coverage="0% (0/2)" />
                <line number="289" hits="0" branch="false" />
                <line number="290" hits="0" branch="false" />
                <line number="292" hits="0" branch="false" />
                <line number="294" hits="0" branch="true" condition-coverage="0% (0/2)" />
                <line number="295" hits="0" branch="false" />
                <line number="296" hits="0" branch="true" condition-coverage="0% (0/2)" />
                <line number="297" hits="0" branch="false" />
                <line number="302" hits="0" branch="false" />
                <line number="304" hits="0" branch="false" />
                <line number="305" hits="0" branch="false" />
              </lines>
            </method>
            <method name="ToString" signature="()" line-rate="0" branch-rate="0" complexity="4">
              <lines>
                <line number="314" hits="0" branch="true" condition-coverage="0% (0/4)" />
                <line number="315" hits="0" branch="false" />
                <line number="316" hits="0" branch="false" />
              </lines>
            </method>
            <method name="get_AutoCompleteSource" signature="()" line-rate="0" branch-rate="1" complexity="1">
              <lines>
                <line number="92" hits="0" branch="false" />
              </lines>
            </method>
            <method name="get_AutoCompleteMode" signature="()" line-rate="0" branch-rate="1" complexity="1">
              <lines>
                <line number="109" hits="0" branch="false" />
              </lines>
            </method>
            <method name="get_DropDownStyle" signature="()" line-rate="0" branch-rate="1" complexity="1">
              <lines>
                <line number="126" hits="0" branch="false" />
              </lines>
            </method>
            <method name="get_Values" signature="()" line-rate="0" branch-rate="1" complexity="1">
              <lines>
                <line number="143" hits="0" branch="false" />
              </lines>
            </method>
            <method name=".ctor" signature="(System.Windows.Forms.AutoCompleteSource)" line-rate="0" branch-rate="1" complexity="1">
              <lines>
                <line number="152" hits="0" branch="false" />
              </lines>
            </method>
            <method name=".ctor" signature="(System.Windows.Forms.AutoCompleteSource,System.Windows.Forms.ComboBoxStyle)" line-rate="0" branch-rate="1" complexity="1">
              <lines>
                <line number="162" hits="0" branch="false" />
              </lines>
            </method>
            <method name=".ctor" signature="(System.Windows.Forms.AutoCompleteMode,System.Windows.Forms.AutoCompleteSource,System.Windows.Forms.ComboBoxStyle)" line-rate="0" branch-rate="1" complexity="1">
              <lines>
                <line number="170" hits="0" branch="false" />
                <line number="171" hits="0" branch="false" />
                <line number="172" hits="0" branch="false" />
                <line number="173" hits="0" branch="false" />
                <line number="174" hits="0" branch="false" />
                <line number="175" hits="0" branch="false" />
                <line number="176" hits="0" branch="false" />
                <line number="177" hits="0" branch="false" />
                <line number="178" hits="0" branch="false" />
              </lines>
            </method>
            <method name=".ctor" signature="(System.String[])" line-rate="0" branch-rate="1" complexity="1">
              <lines>
                <line number="186" hits="0" branch="false" />
              </lines>
            </method>
            <method name=".ctor" signature="(System.Windows.Forms.ComboBoxStyle,System.String[])" line-rate="0" branch-rate="1" complexity="1">
              <lines>
                <line number="196" hits="0" branch="false" />
              </lines>
            </method>
            <method name=".ctor" signature="(System.Windows.Forms.AutoCompleteMode,System.String[])" line-rate="0" branch-rate="1" complexity="1">
              <lines>
                <line number="206" hits="0" branch="false" />
              </lines>
            </method>
            <method name=".ctor" signature="(System.Windows.Forms.AutoCompleteMode,System.Windows.Forms.ComboBoxStyle,System.String[])" line-rate="0" branch-rate="0" complexity="4">
              <lines>
                <line number="215" hits="0" branch="false" />
                <line number="216" hits="0" branch="false" />
                <line number="217" hits="0" branch="false" />
                <line number="218" hits="0" branch="false" />
                <line number="219" hits="0" branch="false" />
                <line number="220" hits="0" branch="false" />
                <line number="221" hits="0" branch="false" />
                <line number="222" hits="0" branch="false" />
                <line number="223" hits="0" branch="true" condition-coverage="0% (0/4)" />
                <line number="224" hits="0" branch="false" />
              </lines>
            </method>
            <method name=".ctor" signature="(System.Type)" line-rate="0" branch-rate="1" complexity="1">
              <lines>
                <line number="232" hits="0" branch="false" />
              </lines>
            </method>
            <method name=".ctor" signature="(System.Windows.Forms.AutoCompleteMode,System.Type)" line-rate="0" branch-rate="1" complexity="1">
              <lines>
                <line number="242" hits="0" branch="false" />
              </lines>
            </method>
            <method name=".ctor" signature="(System.Windows.Forms.ComboBoxStyle,System.Type)" line-rate="0" branch-rate="1" complexity="1">
              <lines>
                <line number="252" hits="0" branch="false" />
              </lines>
            </method>
            <method name=".ctor" signature="(System.Windows.Forms.AutoCompleteMode,System.Windows.Forms.ComboBoxStyle,System.Type)" line-rate="0" branch-rate="0" complexity="8">
              <lines>
                <line number="270" hits="0" branch="false" />
                <line number="271" hits="0" branch="false" />
                <line number="272" hits="0" branch="false" />
                <line number="273" hits="0" branch="false" />
                <line number="274" hits="0" branch="false" />
                <line number="275" hits="0" branch="false" />
                <line number="276" hits="0" branch="false" />
                <line number="277" hits="0" branch="false" />
                <line number="280" hits="0" branch="false" />
                <line number="282" hits="0" branch="false" />
                <line number="285" hits="0" branch="true" condition-coverage="0% (0/2)" />
                <line number="286" hits="0" branch="false" />
                <line number="287" hits="0" branch="false" />
                <line number="288" hits="0" branch="true" condition-coverage="0% (0/2)" />
                <line number="289" hits="0" branch="false" />
                <line number="290" hits="0" branch="false" />
                <line number="292" hits="0" branch="false" />
                <line number="294" hits="0" branch="true" condition-coverage="0% (0/2)" />
                <line number="295" hits="0" branch="false" />
                <line number="296" hits="0" branch="true" condition-coverage="0% (0/2)" />
                <line number="297" hits="0" branch="false" />
                <line number="302" hits="0" branch="false" />
                <line number="304" hits="0" branch="false" />
                <line number="305" hits="0" branch="false" />
              </lines>
            </method>
          </methods>
          <lines>
            <line number="92" hits="0" branch="false" />
            <line number="109" hits="0" branch="false" />
            <line number="126" hits="0" branch="false" />
            <line number="143" hits="0" branch="false" />
            <line number="152" hits="0" branch="false" />
            <line number="162" hits="0" branch="false" />
            <line number="170" hits="0" branch="false" />
            <line number="171" hits="0" branch="false" />
            <line number="172" hits="0" branch="false" />
            <line number="173" hits="0" branch="false" />
            <line number="174" hits="0" branch="false" />
            <line number="175" hits="0" branch="false" />
            <line number="176" hits="0" branch="false" />
            <line number="177" hits="0" branch="false" />
            <line number="178" hits="0" branch="false" />
            <line number="186" hits="0" branch="false" />
            <line number="196" hits="0" branch="false" />
            <line number="206" hits="0" branch="false" />
            <line number="215" hits="0" branch="false" />
            <line number="216" hits="0" branch="false" />
            <line number="217" hits="0" branch="false" />
            <line number="218" hits="0" branch="false" />
            <line number="219" hits="0" branch="false" />
            <line number="220" hits="0" branch="false" />
            <line number="221" hits="0" branch="false" />
            <line number="222" hits="0" branch="false" />
            <line number="223" hits="0" branch="true" condition-coverage="0% (0/4)" />
            <line number="224" hits="0" branch="false" />
            <line number="232" hits="0" branch="false" />
            <line number="242" hits="0" branch="false" />
            <line number="252" hits="0" branch="false" />
            <line number="270" hits="0" branch="false" />
            <line number="271" hits="0" branch="false" />
            <line number="272" hits="0" branch="false" />
            <line number="273" hits="0" branch="false" />
            <line number="274" hits="0" branch="false" />
            <line number="275" hits="0" branch="false" />
            <line number="276" hits="0" branch="false" />
            <line number="277" hits="0" branch="false" />
            <line number="280" hits="0" branch="false" />
            <line number="282" hits="0" branch="false" />
            <line number="285" hits="0" branch="true" condition-coverage="0% (0/2)" />
            <line number="286" hits="0" branch="false" />
            <line number="287" hits="0" branch="false" />
            <line number="288" hits="0" branch="true" condition-coverage="0% (0/2)" />
            <line number="289" hits="0" branch="false" />
            <line number="290" hits="0" branch="false" />
            <line number="292" hits="0" branch="false" />
            <line number="294" hits="0" branch="true" condition-coverage="0% (0/2)" />
            <line number="295" hits="0" branch="false" />
            <line number="296" hits="0" branch="true" condition-coverage="0% (0/2)" />
            <line number="297" hits="0" branch="false" />
            <line number="302" hits="0" branch="false" />
            <line number="304" hits="0" branch="false" />
            <line number="305" hits="0" branch="false" />
            <line number="314" hits="0" branch="true" condition-coverage="0% (0/4)" />
            <line number="315" hits="0" branch="false" />
            <line number="316" hits="0" branch="false" />
          </lines>
        </class>
        <class name="PropertyGridHelpers.Attributes.DynamicPathSourceAttribute" filename="c:\agent\_work\9\s\Code\PropertyGridHelpers\Attributes\DynamicPathSourceAttribute.cs" line-rate="1" branch-rate="1" complexity="2">
          <methods>
            <method name="DynamicPathSourceAttribute" signature="(string)" line-rate="1" branch-rate="1">
              <lines>
                <line number="70" hits="16" branch="false" />
              </lines>
            </method>
            <method name="get_PathPropertyName" signature="()" line-rate="1" branch-rate="1" complexity="1">
              <lines>
                <line number="60" hits="8" branch="false" />
              </lines>
            </method>
            <method name=".ctor" signature="(System.String)" line-rate="1" branch-rate="1" complexity="1">
              <lines>
                <line number="27" hits="8" branch="false" />
                <line number="60" hits="8" branch="false" />
                <line number="62" hits="8" branch="false" />
              </lines>
            </method>
          </methods>
          <lines>
            <line number="27" hits="8" branch="false" />
            <line number="60" hits="8" branch="false" />
            <line number="62" hits="8" branch="false" />
            <line number="70" hits="16" branch="false" />
          </lines>
        </class>
        <class name="PropertyGridHelpers.Attributes.EnumImageAttribute" filename="c:\agent\_work\9\s\Code\PropertyGridHelpers\Attributes\EnumImageAttribute.cs" line-rate="1" branch-rate="1" complexity="12">
          <methods>
            <method name="EnumImageAttribute" signature="()" line-rate="1" branch-rate="1">
              <lines>
                <line number="42" hits="20" branch="false" />
                <line number="43" hits="12" branch="false" />
                <line number="44" hits="20" branch="false" />
                <line number="45" hits="20" branch="false" />
                <line number="46" hits="20" branch="false" />
              </lines>
            </method>
            <method name="EnumImageAttribute" signature="(PropertyGridHelpers.Enums.ImageLocation)" line-rate="1" branch-rate="1">
              <lines>
                <line number="53" hits="24" branch="false" />
                <line number="54" hits="16" branch="false" />
                <line number="55" hits="24" branch="false" />
                <line number="56" hits="24" branch="false" />
                <line number="57" hits="24" branch="false" />
              </lines>
            </method>
            <method name="EnumImageAttribute" signature="(string, PropertyGridHelpers.Enums.ImageLocation)" line-rate="1" branch-rate="1">
              <lines>
                <line number="65" hits="108" branch="false" />
                <line number="66" hits="100" branch="false" />
                <line number="67" hits="108" branch="false" />
                <line number="68" hits="108" branch="false" />
                <line number="69" hits="108" branch="false" />
              </lines>
            </method>
            <method name="GetEnumImage" signature="(System.Enum)" line-rate="1" branch-rate="1" complexity="4">
              <lines>
                <line number="99" hits="60" branch="false" />
                <line number="100" hits="68" branch="false" />
                <line number="101" hits="68" branch="true" condition-coverage="100% (2/2)" />
                <line number="102" hits="20" branch="false" />
                <line number="103" hits="64" branch="false" />
                <line number="104" hits="64" branch="true" condition-coverage="100% (2/2)" />
                <line number="105" hits="20" branch="false" />
                <line number="106" hits="64" branch="false" />
                <line number="107" hits="60" branch="false" />
              </lines>
            </method>
            <method name="Exists" signature="(System.Enum)" line-rate="1" branch-rate="1" complexity="1">
              <lines>
                <line number="114" hits="24" branch="false" />
              </lines>
            </method>
            <method name="Get" signature="(System.Enum)" line-rate="1" branch-rate="1" complexity="2">
              <lines>
                <line number="122" hits="128" branch="false" />
                <line number="123" hits="136" branch="true" condition-coverage="100% (2/2)" />
                <line number="124" hits="28" branch="false" />
                <line number="125" hits="124" branch="false" />
                <line number="126" hits="124" branch="false" />
                <line number="127" hits="128" branch="false" />
              </lines>
            </method>
            <method name="GetEnumImage" signature="(System.Enum)" line-rate="1" branch-rate="1">
              <lines>
                <line number="100" hits="68" branch="false" />
                <line number="101" hits="68" branch="true" condition-coverage="100% (2/2)" />
                <line number="102" hits="20" branch="false" />
                <line number="103" hits="64" branch="false" />
                <line number="104" hits="64" branch="true" condition-coverage="100% (2/2)" />
                <line number="105" hits="20" branch="false" />
                <line number="106" hits="64" branch="false" />
              </lines>
            </method>
            <method name="Get" signature="(System.Enum)" line-rate="1" branch-rate="1">
              <lines>
                <line number="123" hits="136" branch="true" condition-coverage="100% (2/2)" />
                <line number="124" hits="28" branch="false" />
                <line number="125" hits="124" branch="false" />
                <line number="126" hits="124" branch="false" />
              </lines>
            </method>
            <method name="get_EnumImage" signature="()" line-rate="1" branch-rate="1" complexity="1">
              <lines>
                <line number="79" hits="56" branch="false" />
              </lines>
            </method>
            <method name="get_ImageLocation" signature="()" line-rate="1" branch-rate="1" complexity="1">
              <lines>
                <line number="90" hits="44" branch="false" />
              </lines>
            </method>
            <method name=".ctor" signature="()" line-rate="1" branch-rate="1" complexity="1">
              <lines>
                <line number="42" hits="20" branch="false" />
                <line number="43" hits="12" branch="false" />
                <line number="44" hits="20" branch="false" />
                <line number="45" hits="20" branch="false" />
                <line number="46" hits="20" branch="false" />
              </lines>
            </method>
            <method name=".ctor" signature="(PropertyGridHelpers.Enums.ImageLocation)" line-rate="1" branch-rate="1" complexity="1">
              <lines>
                <line number="53" hits="24" branch="false" />
                <line number="54" hits="16" branch="false" />
                <line number="55" hits="24" branch="false" />
                <line number="56" hits="24" branch="false" />
                <line number="57" hits="24" branch="false" />
              </lines>
            </method>
            <method name=".ctor" signature="(System.String,PropertyGridHelpers.Enums.ImageLocation)" line-rate="1" branch-rate="1" complexity="1">
              <lines>
                <line number="65" hits="108" branch="false" />
                <line number="66" hits="100" branch="false" />
                <line number="67" hits="108" branch="false" />
                <line number="68" hits="108" branch="false" />
                <line number="69" hits="108" branch="false" />
              </lines>
            </method>
          </methods>
          <lines>
            <line number="42" hits="20" branch="false" />
            <line number="43" hits="12" branch="false" />
            <line number="44" hits="20" branch="false" />
            <line number="45" hits="20" branch="false" />
            <line number="46" hits="20" branch="false" />
            <line number="53" hits="24" branch="false" />
            <line number="54" hits="16" branch="false" />
            <line number="55" hits="24" branch="false" />
            <line number="56" hits="24" branch="false" />
            <line number="57" hits="24" branch="false" />
            <line number="65" hits="108" branch="false" />
            <line number="66" hits="100" branch="false" />
            <line number="67" hits="108" branch="false" />
            <line number="68" hits="108" branch="false" />
            <line number="69" hits="108" branch="false" />
            <line number="79" hits="56" branch="false" />
            <line number="90" hits="44" branch="false" />
            <line number="99" hits="60" branch="false" />
            <line number="100" hits="68" branch="false" />
            <line number="101" hits="68" branch="true" condition-coverage="100% (2/2)" />
            <line number="102" hits="20" branch="false" />
            <line number="103" hits="64" branch="false" />
            <line number="104" hits="64" branch="true" condition-coverage="100% (2/2)" />
            <line number="105" hits="20" branch="false" />
            <line number="106" hits="64" branch="false" />
            <line number="107" hits="60" branch="false" />
            <line number="114" hits="24" branch="false" />
            <line number="122" hits="128" branch="false" />
            <line number="123" hits="136" branch="true" condition-coverage="100% (2/2)" />
            <line number="124" hits="28" branch="false" />
            <line number="125" hits="124" branch="false" />
            <line number="126" hits="124" branch="false" />
            <line number="127" hits="128" branch="false" />
          </lines>
        </class>
        <class name="PropertyGridHelpers.Attributes.EnumTextAttribute" filename="c:\agent\_work\9\s\Code\PropertyGridHelpers\Attributes\EnumTextAttribute.cs" line-rate="1" branch-rate="1" complexity="5">
          <methods>
            <method name="EnumTextAttribute" signature="(string)" line-rate="1" branch-rate="1">
              <lines>
                <line number="70" hits="16" branch="false" />
              </lines>
            </method>
            <method name="Exists" signature="(System.Enum)" line-rate="1" branch-rate="1" complexity="1">
              <lines>
                <line number="95" hits="28" branch="false" />
              </lines>
            </method>
            <method name="Get" signature="(System.Enum)" line-rate="1" branch-rate="1" complexity="2">
              <lines>
                <line number="105" hits="32" branch="false" />
                <line number="106" hits="40" branch="true" condition-coverage="100% (2/2)" />
                <line number="107" hits="24" branch="false" />
                <line number="108" hits="32" branch="false" />
                <line number="109" hits="32" branch="false" />
                <line number="110" hits="32" branch="false" />
              </lines>
            </method>
            <method name="Get" signature="(System.Enum)" line-rate="1" branch-rate="1">
              <lines>
                <line number="106" hits="40" branch="true" condition-coverage="100% (2/2)" />
                <line number="107" hits="24" branch="false" />
                <line number="108" hits="32" branch="false" />
                <line number="109" hits="32" branch="false" />
              </lines>
            </method>
            <method name="get_EnumText" signature="()" line-rate="1" branch-rate="1" complexity="1">
              <lines>
                <line number="81" hits="132" branch="false" />
              </lines>
            </method>
            <method name=".ctor" signature="(System.String)" line-rate="1" branch-rate="1" complexity="1">
              <lines>
                <line number="34" hits="132" branch="false" />
                <line number="70" hits="16" branch="false" />
                <line number="81" hits="132" branch="false" />
                <line number="83" hits="132" branch="false" />
              </lines>
            </method>
          </methods>
          <lines>
            <line number="34" hits="132" branch="false" />
            <line number="70" hits="16" branch="false" />
            <line number="81" hits="132" branch="false" />
            <line number="83" hits="132" branch="false" />
            <line number="95" hits="28" branch="false" />
            <line number="105" hits="32" branch="false" />
            <line number="106" hits="40" branch="true" condition-coverage="100% (2/2)" />
            <line number="107" hits="24" branch="false" />
            <line number="108" hits="32" branch="false" />
            <line number="109" hits="32" branch="false" />
            <line number="110" hits="32" branch="false" />
          </lines>
        </class>
        <class name="PropertyGridHelpers.Attributes.FileExtensionAttribute" filename="c:\agent\_work\9\s\Code\PropertyGridHelpers\Attributes\FileExtensionAttribute.cs" line-rate="1" branch-rate="1" complexity="11">
          <methods>
            <method name="FileExtensionAttribute" signature="(string)" line-rate="1" branch-rate="1">
              <lines>
                <line number="57" hits="16" branch="false" />
              </lines>
            </method>
            <method name="Exists" signature="(System.ComponentModel.ITypeDescriptorContext)" line-rate="1" branch-rate="1" complexity="1">
              <lines>
                <line number="64" hits="24" branch="false" />
              </lines>
            </method>
            <method name="Get" signature="(System.ComponentModel.ITypeDescriptorContext)" line-rate="1" branch-rate="1" complexity="8">
              <lines>
                <line number="72" hits="60" branch="false" />
                <line number="73" hits="68" branch="true" condition-coverage="100% (6/6)" />
                <line number="74" hits="68" branch="false" />
                <line number="75" hits="68" branch="false" />
                <line number="76" hits="20" branch="false" />
                <line number="77" hits="64" branch="true" condition-coverage="100% (2/2)" />
                <line number="78" hits="64" branch="false" />
                <line number="79" hits="60" branch="false" />
                <line number="80" hits="56" branch="false" />
              </lines>
            </method>
            <method name="Get" signature="(System.ComponentModel.ITypeDescriptorContext)" line-rate="1" branch-rate="1">
              <lines>
                <line number="73" hits="68" branch="true" condition-coverage="100% (6/6)" />
                <line number="74" hits="68" branch="false" />
                <line number="75" hits="68" branch="false" />
                <line number="76" hits="20" branch="false" />
                <line number="77" hits="64" branch="true" condition-coverage="100% (2/2)" />
                <line number="78" hits="64" branch="false" />
                <line number="79" hits="60" branch="false" />
              </lines>
            </method>
            <method name="get_PropertyName" signature="()" line-rate="1" branch-rate="1" complexity="1">
              <lines>
                <line number="47" hits="44" branch="false" />
              </lines>
            </method>
            <method name=".ctor" signature="(System.String)" line-rate="1" branch-rate="1" complexity="1">
              <lines>
                <line number="21" hits="52" branch="false" />
                <line number="47" hits="44" branch="false" />
                <line number="49" hits="52" branch="false" />
              </lines>
            </method>
          </methods>
          <lines>
            <line number="21" hits="52" branch="false" />
            <line number="47" hits="44" branch="false" />
            <line number="49" hits="52" branch="false" />
            <line number="57" hits="16" branch="false" />
            <line number="64" hits="24" branch="false" />
            <line number="72" hits="60" branch="false" />
            <line number="73" hits="68" branch="true" condition-coverage="100% (6/6)" />
            <line number="74" hits="68" branch="false" />
            <line number="75" hits="68" branch="false" />
            <line number="76" hits="20" branch="false" />
            <line number="77" hits="64" branch="true" condition-coverage="100% (2/2)" />
            <line number="78" hits="64" branch="false" />
            <line number="79" hits="60" branch="false" />
            <line number="80" hits="56" branch="false" />
          </lines>
        </class>
        <class name="PropertyGridHelpers.Attributes.LocalizedCategoryAttribute" filename="c:\agent\_work\9\s\Code\PropertyGridHelpers\Attributes\LocalizedCategoryAttribute.cs" line-rate="1" branch-rate="1" complexity="1">
          <methods>
            <method name="LocalizedCategoryAttribute" signature="(string)" line-rate="1" branch-rate="1">
              <lines>
                <line number="89" hits="16" branch="false" />
                <line number="90" hits="8" branch="false" />
                <line number="91" hits="16" branch="false" />
              </lines>
            </method>
            <method name=".ctor" signature="(System.String)" line-rate="1" branch-rate="1" complexity="1">
              <lines>
                <line number="43" hits="28" branch="false" />
              </lines>
            </method>
          </methods>
          <lines>
            <line number="43" hits="28" branch="false" />
            <line number="89" hits="16" branch="false" />
            <line number="90" hits="8" branch="false" />
            <line number="91" hits="16" branch="false" />
          </lines>
        </class>
        <class name="PropertyGridHelpers.Attributes.LocalizedDescriptionAttribute" filename="c:\agent\_work\9\s\Code\PropertyGridHelpers\Attributes\LocalizedDescriptionAttribute.cs" line-rate="1" branch-rate="1" complexity="1">
          <methods>
            <method name="LocalizedDescriptionAttribute" signature="(string)" line-rate="1" branch-rate="1">
              <lines>
                <line number="83" hits="16" branch="false" />
                <line number="84" hits="8" branch="false" />
                <line number="85" hits="16" branch="false" />
              </lines>
            </method>
            <method name=".ctor" signature="(System.String)" line-rate="1" branch-rate="1" complexity="1">
              <lines>
                <line number="41" hits="20" branch="false" />
              </lines>
            </method>
          </methods>
          <lines>
            <line number="41" hits="20" branch="false" />
            <line number="83" hits="16" branch="false" />
            <line number="84" hits="8" branch="false" />
            <line number="85" hits="16" branch="false" />
          </lines>
        </class>
        <class name="PropertyGridHelpers.Attributes.LocalizedDisplayNameAttribute" filename="c:\agent\_work\9\s\Code\PropertyGridHelpers\Attributes\LocalizedDisplayNameAttribute.cs" line-rate="1" branch-rate="1" complexity="1">
          <methods>
            <method name="LocalizedDisplayNameAttribute" signature="(string)" line-rate="1" branch-rate="1">
              <lines>
                <line number="81" hits="16" branch="false" />
                <line number="82" hits="8" branch="false" />
                <line number="83" hits="16" branch="false" />
              </lines>
            </method>
            <method name=".ctor" signature="(System.String)" line-rate="1" branch-rate="1" complexity="1">
              <lines>
                <line number="39" hits="20" branch="false" />
              </lines>
            </method>
          </methods>
          <lines>
            <line number="39" hits="20" branch="false" />
            <line number="81" hits="16" branch="false" />
            <line number="82" hits="8" branch="false" />
            <line number="83" hits="16" branch="false" />
          </lines>
        </class>
        <class name="PropertyGridHelpers.Attributes.LocalizedEnumTextAttribute" filename="c:\agent\_work\9\s\Code\PropertyGridHelpers\Attributes\LocalizedEnumTextAttribute.cs" line-rate="1" branch-rate="1" complexity="1">
          <methods>
            <method name="LocalizedEnumTextAttribute" signature="(string)" line-rate="1" branch-rate="1">
              <lines>
                <line number="72" hits="16" branch="false" />
                <line number="73" hits="8" branch="false" />
                <line number="74" hits="16" branch="false" />
              </lines>
            </method>
            <method name=".ctor" signature="(System.String)" line-rate="1" branch-rate="1" complexity="1">
              <lines>
                <line number="37" hits="4" branch="false" />
              </lines>
            </method>
          </methods>
          <lines>
            <line number="37" hits="4" branch="false" />
            <line number="72" hits="16" branch="false" />
            <line number="73" hits="8" branch="false" />
            <line number="74" hits="16" branch="false" />
          </lines>
        </class>
        <class name="PropertyGridHelpers.Attributes.LocalizedTextAttribute" filename="c:\agent\_work\9\s\Code\PropertyGridHelpers\Attributes\LocalizedTextAttribute.cs" line-rate="1" branch-rate="1" complexity="6">
          <methods>
            <method name="LocalizedTextAttribute" signature="(string)" line-rate="1" branch-rate="1">
              <lines>
                <line number="38" hits="16" branch="false" />
                <line number="39" hits="16" branch="false" />
              </lines>
            </method>
            <method name="GetLocalizedText" signature="(System.Type)" line-rate="1" branch-rate="1" complexity="4">
              <lines>
                <line number="48" hits="20" branch="false" />
                <line number="50" hits="28" branch="true" condition-coverage="100% (2/2)" />
                <line number="52" hits="24" branch="false" />
                <line number="56" hits="24" branch="false" />
                <line number="59" hits="24" branch="false" />
                <line number="60" hits="24" branch="false" />
                <line number="63" hits="24" branch="true" condition-coverage="100% (2/2)" />
                <line number="64" hits="24" branch="false" />
                <line number="67" hits="20" branch="false" />
                <line number="68" hits="12" branch="false" />
              </lines>
            </method>
            <method name="GetLocalizedText" signature="(System.Type)" line-rate="1" branch-rate="1">
              <lines>
                <line number="50" hits="28" branch="true" condition-coverage="100% (2/2)" />
                <line number="52" hits="24" branch="false" />
                <line number="56" hits="24" branch="false" />
                <line number="59" hits="24" branch="false" />
                <line number="60" hits="24" branch="false" />
                <line number="63" hits="24" branch="true" condition-coverage="100% (2/2)" />
                <line number="64" hits="24" branch="false" />
                <line number="67" hits="20" branch="false" />
              </lines>
            </method>
            <method name="get_ResourceKey" signature="()" line-rate="1" branch-rate="1" complexity="1">
              <lines>
                <line number="28" hits="52" branch="false" />
              </lines>
            </method>
            <method name=".ctor" signature="(System.String)" line-rate="1" branch-rate="1" complexity="1">
              <lines>
                <line number="11" hits="88" branch="false" />
                <line number="28" hits="52" branch="false" />
                <line number="30" hits="88" branch="false" />
              </lines>
            </method>
          </methods>
          <lines>
            <line number="11" hits="88" branch="false" />
            <line number="28" hits="52" branch="false" />
            <line number="30" hits="88" branch="false" />
            <line number="38" hits="16" branch="false" />
            <line number="39" hits="16" branch="false" />
            <line number="48" hits="20" branch="false" />
            <line number="50" hits="28" branch="true" condition-coverage="100% (2/2)" />
            <line number="52" hits="24" branch="false" />
            <line number="56" hits="24" branch="false" />
            <line number="59" hits="24" branch="false" />
            <line number="60" hits="24" branch="false" />
            <line number="63" hits="24" branch="true" condition-coverage="100% (2/2)" />
            <line number="64" hits="24" branch="false" />
            <line number="67" hits="20" branch="false" />
            <line number="68" hits="12" branch="false" />
          </lines>
        </class>
        <class name="PropertyGridHelpers.Attributes.ResourcePathAttribute" filename="c:\agent\_work\9\s\Code\PropertyGridHelpers\Attributes\ResourcePathAttribute.cs" line-rate="1" branch-rate="1" complexity="5">
          <methods>
            <method name="ResourcePathAttribute" signature="(string, string)" line-rate="1" branch-rate="1">
              <lines>
                <line number="94" hits="16" branch="false" />
                <line number="95" hits="8" branch="false" />
                <line number="96" hits="16" branch="false" />
                <line number="97" hits="16" branch="false" />
                <line number="98" hits="16" branch="false" />
              </lines>
            </method>
            <method name="GetAssembly" signature="()" line-rate="1" branch-rate="1" complexity="2">
              <lines>
                <line number="104" hits="28" branch="true" condition-coverage="100% (2/2)" />
                <line number="105" hits="28" branch="false" />
                <line number="106" hits="28" branch="false" />
              </lines>
            </method>
            <method name="get_ResourcePath" signature="()" line-rate="1" branch-rate="1" complexity="1">
              <lines>
                <line number="67" hits="88" branch="false" />
              </lines>
            </method>
            <method name="get_ResourceAssembly" signature="()" line-rate="1" branch-rate="1" complexity="1">
              <lines>
                <line number="82" hits="40" branch="false" />
              </lines>
            </method>
            <method name=".ctor" signature="(System.String,System.String)" line-rate="1" branch-rate="1" complexity="1">
              <lines>
                <line number="19" hits="88" branch="false" />
                <line number="67" hits="88" branch="false" />
                <line number="69" hits="88" branch="false" />
                <line number="82" hits="40" branch="false" />
                <line number="84" hits="88" branch="false" />
              </lines>
            </method>
          </methods>
          <lines>
            <line number="19" hits="88" branch="false" />
            <line number="67" hits="88" branch="false" />
            <line number="69" hits="88" branch="false" />
            <line number="82" hits="40" branch="false" />
            <line number="84" hits="88" branch="false" />
            <line number="94" hits="16" branch="false" />
            <line number="95" hits="8" branch="false" />
            <line number="96" hits="16" branch="false" />
            <line number="97" hits="16" branch="false" />
            <line number="98" hits="16" branch="false" />
            <line number="104" hits="28" branch="true" condition-coverage="100% (2/2)" />
            <line number="105" hits="28" branch="false" />
            <line number="106" hits="28" branch="false" />
          </lines>
        </class>
        <class name="PropertyGridHelpers.Controls.AutoCompleteComboBox" filename="c:\agent\_work\9\s\Code\PropertyGridHelpers\Controls\AutoCompleteComboBox.cs" line-rate="0.4117647058823529" branch-rate="0" complexity="7">
          <methods>
            <method name="AutoCompleteComboBox" signature="()" line-rate="0.7777777777777778" branch-rate="1">
              <lines>
                <line number="36" hits="20" branch="false" />
                <line number="37" hits="12" branch="false" />
                <line number="38" hits="20" branch="false" />
                <line number="39" hits="20" branch="false" />
                <line number="40" hits="20" branch="false" />
                <line number="41" hits="20" branch="false" />
                <line number="56" hits="0" branch="false" />
                <line number="57" hits="0" branch="false" />
                <line number="71" hits="20" branch="false" />
              </lines>
            </method>
            <method name="Value" signature="()" line-rate="0" branch-rate="1" complexity="NaN">
              <lines>
                <line number="56" hits="0" branch="false" />
              </lines>
            </method>
            <method name="Value" signature="(object)" line-rate="0" branch-rate="1" complexity="NaN">
              <lines>
                <line number="57" hits="0" branch="false" />
              </lines>
            </method>
            <method name="OnSelectedValueChanged" signature="(System.EventArgs)" line-rate="0" branch-rate="0" complexity="2">
              <lines>
                <line number="78" hits="0" branch="false" />
                <line number="79" hits="0" branch="false" />
                <line number="80" hits="0" branch="true" condition-coverage="0% (0/2)" />
                <line number="81" hits="0" branch="false" />
              </lines>
            </method>
            <method name="OnLeave" signature="(System.EventArgs)" line-rate="0" branch-rate="0" complexity="2">
              <lines>
                <line number="88" hits="0" branch="false" />
                <line number="89" hits="0" branch="false" />
                <line number="90" hits="0" branch="true" condition-coverage="0% (0/2)" />
                <line number="91" hits="0" branch="false" />
              </lines>
            </method>
            <method name="OnSelectedValueChanged" signature="(System.EventArgs)" line-rate="0" branch-rate="0">
              <lines>
                <line number="79" hits="0" branch="false" />
                <line number="80" hits="0" branch="true" condition-coverage="0% (0/2)" />
                <line number="81" hits="0" branch="false" />
              </lines>
            </method>
            <method name="OnLeave" signature="(System.EventArgs)" line-rate="0" branch-rate="0">
              <lines>
                <line number="89" hits="0" branch="false" />
                <line number="90" hits="0" branch="true" condition-coverage="0% (0/2)" />
                <line number="91" hits="0" branch="false" />
              </lines>
            </method>
            <method name="get_Value" signature="()" line-rate="0" branch-rate="1" complexity="1">
              <lines>
                <line number="56" hits="0" branch="false" />
              </lines>
            </method>
            <method name="set_Value" signature="(System.Object)" line-rate="0" branch-rate="1" complexity="1">
              <lines>
                <line number="57" hits="0" branch="false" />
              </lines>
            </method>
            <method name=".ctor" signature="()" line-rate="0.7777777777777778" branch-rate="1" complexity="1">
              <lines>
                <line number="36" hits="20" branch="false" />
                <line number="37" hits="12" branch="false" />
                <line number="38" hits="20" branch="false" />
                <line number="39" hits="20" branch="false" />
                <line number="40" hits="20" branch="false" />
                <line number="41" hits="20" branch="false" />
                <line number="56" hits="0" branch="false" />
                <line number="57" hits="0" branch="false" />
                <line number="71" hits="20" branch="false" />
              </lines>
            </method>
          </methods>
          <lines>
            <line number="36" hits="20" branch="false" />
            <line number="37" hits="12" branch="false" />
            <line number="38" hits="20" branch="false" />
            <line number="39" hits="20" branch="false" />
            <line number="40" hits="20" branch="false" />
            <line number="41" hits="20" branch="false" />
            <line number="56" hits="0" branch="false" />
            <line number="57" hits="0" branch="false" />
            <line number="71" hits="20" branch="false" />
            <line number="78" hits="0" branch="false" />
            <line number="79" hits="0" branch="false" />
            <line number="80" hits="0" branch="true" condition-coverage="0% (0/2)" />
            <line number="81" hits="0" branch="false" />
            <line number="88" hits="0" branch="false" />
            <line number="89" hits="0" branch="false" />
            <line number="90" hits="0" branch="true" condition-coverage="0% (0/2)" />
            <line number="91" hits="0" branch="false" />
          </lines>
        </class>
        <class name="PropertyGridHelpers.Controls.FlagCheckedListBox" filename="c:\agent\_work\9\s\Code\PropertyGridHelpers\Controls\FlagCheckedListBox.cs" line-rate="1" branch-rate="1" complexity="44">
          <methods>
            <method name="FlagCheckedListBox" signature="()" line-rate="1" branch-rate="1">
              <lines>
                <line number="52" hits="240" branch="false" />
                <line number="57" hits="128" branch="false" />
              </lines>
            </method>
            <method name="Dispose" signature="(bool)" line-rate="1" branch-rate="1">
              <lines>
                <line number="63" hits="128" branch="false" />
              </lines>
            </method>
            <method name="InitializeComponent" signature="()" line-rate="1" branch-rate="1" complexity="1">
              <lines>
                <line number="70" hits="128" branch="false" />
              </lines>
            </method>
            <method name="Add" signature="(int, string)" line-rate="1" branch-rate="1">
              <lines>
                <line number="81" hits="188" branch="false" />
                <line number="82" hits="196" branch="false" />
                <line number="83" hits="196" branch="false" />
                <line number="84" hits="196" branch="false" />
                <line number="85" hits="188" branch="false" />
              </lines>
            </method>
            <method name="Clear" signature="()" line-rate="1" branch-rate="1" complexity="1">
              <lines>
                <line number="90" hits="20" branch="false" />
              </lines>
            </method>
            <method name="Add" signature="(PropertyGridHelpers.Controls.FlagCheckedListBoxItem)" line-rate="1" branch-rate="1" complexity="1">
              <lines>
                <line number="98" hits="44" branch="false" />
                <line number="99" hits="52" branch="false" />
                <line number="100" hits="48" branch="false" />
                <line number="101" hits="40" branch="false" />
              </lines>
            </method>
            <method name="OnItemCheck" signature="(System.Windows.Forms.ItemCheckEventArgs)" line-rate="1" branch-rate="1" complexity="4">
              <lines>
                <line number="108" hits="104" branch="false" />
                <line number="109" hits="112" branch="false" />
                <line number="111" hits="112" branch="true" condition-coverage="100% (2/2)" />
                <line number="113" hits="112" branch="true" condition-coverage="100% (2/2)" />
                <line number="114" hits="92" branch="false" />
                <line number="117" hits="36" branch="false" />
                <line number="119" hits="36" branch="false" />
                <line number="120" hits="112" branch="false" />
              </lines>
            </method>
            <method name="UpdateCheckedItems" signature="(int)" line-rate="1" branch-rate="1">
              <lines>
                <line number="127" hits="84" branch="false" />
                <line number="128" hits="92" branch="false" />
                <line number="131" hits="584" branch="true" condition-coverage="100% (2/2)" />
                <line number="132" hits="216" branch="false" />
                <line number="133" hits="224" branch="false" />
                <line number="135" hits="224" branch="true" condition-coverage="100% (2/2)" />
                <line number="138" hits="48" branch="false" />
                <line number="139" hits="48" branch="false" />
                <line number="142" hits="192" branch="true" condition-coverage="100% (2/2)" />
                <line number="143" hits="184" branch="false" />
                <line number="145" hits="216" branch="false" />
                <line number="147" hits="92" branch="false" />
                <line number="148" hits="92" branch="false" />
              </lines>
            </method>
            <method name="UpdateCheckedItems" signature="(PropertyGridHelpers.Controls.FlagCheckedListBoxItem, System.Windows.Forms.CheckState)" line-rate="1" branch-rate="1">
              <lines>
                <line number="158" hits="44" branch="false" />
                <line number="160" hits="52" branch="true" condition-coverage="100% (4/4)" />
                <line number="161" hits="20" branch="false" />
                <line number="164" hits="52" branch="false" />
                <line number="165" hits="200" branch="true" condition-coverage="100% (2/2)" />
                <line number="166" hits="64" branch="false" />
                <line number="167" hits="72" branch="false" />
                <line number="170" hits="72" branch="true" condition-coverage="100% (2/2)" />
                <line number="171" hits="36" branch="false" />
                <line number="172" hits="64" branch="false" />
                <line number="175" hits="52" branch="true" condition-coverage="100% (2/2)" />
                <line number="176" hits="40" branch="false" />
                <line number="178" hits="48" branch="true" condition-coverage="100% (2/2)" />
                <line number="179" hits="20" branch="false" />
                <line number="182" hits="44" branch="false" />
                <line number="183" hits="40" branch="false" />
                <line number="186" hits="52" branch="false" />
                <line number="187" hits="52" branch="false" />
              </lines>
            </method>
            <method name="GetCurrentValue" signature="()" line-rate="1" branch-rate="1" complexity="4">
              <lines>
                <line number="197" hits="64" branch="false" />
                <line number="198" hits="72" branch="false" />
                <line number="200" hits="480" branch="true" condition-coverage="100% (2/2)" />
                <line number="201" hits="184" branch="false" />
                <line number="202" hits="192" branch="false" />
                <line number="204" hits="192" branch="true" condition-coverage="100% (2/2)" />
                <line number="205" hits="80" branch="false" />
                <line number="206" hits="184" branch="false" />
                <line number="208" hits="72" branch="false" />
                <line number="209" hits="64" branch="false" />
              </lines>
            </method>
            <method name="FillEnumMembers" signature="()" line-rate="1" branch-rate="1" complexity="4">
              <lines>
                <line number="218" hits="44" branch="false" />
                <line number="219" hits="420" branch="true" condition-coverage="100% (2/2)" />
                <line number="220" hits="156" branch="false" />
                <line number="221" hits="164" branch="false" />
                <line number="222" hits="164" branch="true" condition-coverage="100% (2/2)" />
                <line number="223" hits="164" branch="false" />
                <line number="225" hits="164" branch="false" />
                <line number="226" hits="156" branch="false" />
                <line number="227" hits="52" branch="false" />
              </lines>
            </method>
            <method name="ApplyEnumValue" signature="()" line-rate="1" branch-rate="1" complexity="1">
              <lines>
                <line number="234" hits="44" branch="false" />
                <line number="235" hits="52" branch="false" />
                <line number="236" hits="52" branch="false" />
                <line number="237" hits="52" branch="false" />
              </lines>
            </method>
            <method name="EnumValue" signature="()" line-rate="1" branch-rate="1" complexity="NaN">
              <lines>
                <line number="284" hits="40" branch="false" />
                <line number="285" hits="48" branch="false" />
                <line number="286" hits="48" branch="false" />
                <line number="287" hits="40" branch="false" />
              </lines>
            </method>
            <method name="EnumValue" signature="(System.Enum)" line-rate="1" branch-rate="1" complexity="NaN">
              <lines>
                <line number="289" hits="52" branch="false" />
                <line number="291" hits="44" branch="false" />
                <line number="293" hits="16" branch="false" />
                <line number="294" hits="16" branch="false" />
                <line number="296" hits="56" branch="false" />
                <line number="298" hits="56" branch="true" condition-coverage="100% (2/2)" />
                <line number="299" hits="20" branch="false" />
                <line number="300" hits="52" branch="false" />
                <line number="301" hits="52" branch="false" />
                <line number="302" hits="52" branch="false" />
                <line number="303" hits="52" branch="false" />
                <line number="304" hits="52" branch="false" />
              </lines>
            </method>
            <method name="Value" signature="()" line-rate="1" branch-rate="1" complexity="NaN">
              <lines>
                <line number="346" hits="20" branch="false" />
              </lines>
            </method>
            <method name="Value" signature="(object)" line-rate="1" branch-rate="1" complexity="NaN">
              <lines>
                <line number="347" hits="24" branch="true" condition-coverage="100% (2/2)" />
              </lines>
            </method>
            <method name="Add" signature="(int, string)" line-rate="1" branch-rate="1">
              <lines>
                <line number="82" hits="196" branch="false" />
                <line number="83" hits="196" branch="false" />
                <line number="84" hits="196" branch="false" />
              </lines>
            </method>
            <method name="Add" signature="(PropertyGridHelpers.Controls.FlagCheckedListBoxItem)" line-rate="1" branch-rate="1">
              <lines>
                <line number="99" hits="52" branch="false" />
                <line number="100" hits="48" branch="false" />
              </lines>
            </method>
            <method name="OnItemCheck" signature="(System.Windows.Forms.ItemCheckEventArgs)" line-rate="1" branch-rate="1">
              <lines>
                <line number="109" hits="112" branch="false" />
                <line number="111" hits="112" branch="true" condition-coverage="100% (2/2)" />
                <line number="113" hits="112" branch="true" condition-coverage="100% (2/2)" />
                <line number="114" hits="92" branch="false" />
                <line number="117" hits="36" branch="false" />
                <line number="119" hits="36" branch="false" />
                <line number="120" hits="112" branch="false" />
              </lines>
            </method>
            <method name="UpdateCheckedItems" signature="(int)" line-rate="1" branch-rate="1">
              <lines>
                <line number="128" hits="92" branch="false" />
                <line number="131" hits="584" branch="true" condition-coverage="100% (2/2)" />
                <line number="132" hits="216" branch="false" />
                <line number="133" hits="224" branch="false" />
                <line number="135" hits="224" branch="true" condition-coverage="100% (2/2)" />
                <line number="138" hits="48" branch="false" />
                <line number="139" hits="48" branch="false" />
                <line number="142" hits="192" branch="true" condition-coverage="100% (2/2)" />
                <line number="143" hits="184" branch="false" />
                <line number="145" hits="216" branch="false" />
                <line number="147" hits="92" branch="false" />
                <line number="148" hits="92" branch="false" />
              </lines>
            </method>
            <method name="UpdateCheckedItems" signature="(PropertyGridHelpers.Controls.FlagCheckedListBoxItem, System.Windows.Forms.CheckState)" line-rate="1" branch-rate="1">
              <lines>
                <line number="160" hits="52" branch="true" condition-coverage="100% (4/4)" />
                <line number="161" hits="20" branch="false" />
                <line number="164" hits="52" branch="false" />
                <line number="165" hits="200" branch="true" condition-coverage="100% (2/2)" />
                <line number="166" hits="64" branch="false" />
                <line number="167" hits="72" branch="false" />
                <line number="170" hits="72" branch="true" condition-coverage="100% (2/2)" />
                <line number="171" hits="36" branch="false" />
                <line number="172" hits="64" branch="false" />
                <line number="175" hits="52" branch="true" condition-coverage="100% (2/2)" />
                <line number="176" hits="40" branch="false" />
                <line number="178" hits="48" branch="true" condition-coverage="100% (2/2)" />
                <line number="179" hits="20" branch="false" />
                <line number="182" hits="44" branch="false" />
                <line number="183" hits="40" branch="false" />
                <line number="186" hits="52" branch="false" />
                <line number="187" hits="52" branch="false" />
              </lines>
            </method>
            <method name="GetCurrentValue" signature="()" line-rate="1" branch-rate="1">
              <lines>
                <line number="198" hits="72" branch="false" />
                <line number="200" hits="480" branch="true" condition-coverage="100% (2/2)" />
                <line number="201" hits="184" branch="false" />
                <line number="202" hits="192" branch="false" />
                <line number="204" hits="192" branch="true" condition-coverage="100% (2/2)" />
                <line number="205" hits="80" branch="false" />
                <line number="206" hits="184" branch="false" />
                <line number="208" hits="72" branch="false" />
              </lines>
            </method>
            <method name="FillEnumMembers" signature="()" line-rate="1" branch-rate="1">
              <lines>
                <line number="219" hits="420" branch="true" condition-coverage="100% (2/2)" />
                <line number="220" hits="156" branch="false" />
                <line number="221" hits="164" branch="false" />
                <line number="222" hits="164" branch="true" condition-coverage="100% (2/2)" />
                <line number="223" hits="164" branch="false" />
                <line number="225" hits="164" branch="false" />
                <line number="226" hits="156" branch="false" />
                <line number="227" hits="52" branch="false" />
              </lines>
            </method>
            <method name="ApplyEnumValue" signature="()" line-rate="1" branch-rate="1">
              <lines>
                <line number="235" hits="52" branch="false" />
                <line number="236" hits="52" branch="false" />
                <line number="237" hits="52" branch="false" />
              </lines>
            </method>
            <method name="EnumValue" signature="()" line-rate="1" branch-rate="1" complexity="NaN">
              <lines>
                <line number="285" hits="48" branch="false" />
                <line number="286" hits="48" branch="false" />
              </lines>
            </method>
[...]
            <line number="480" hits="20" branch="false" />
            <line number="493" hits="12" branch="false" />
            <line number="495" hits="20" branch="false" />
            <line number="496" hits="20" branch="false" />
            <line number="497" hits="20" branch="false" />
          </lines>
        </class>
        <class name="PropertyGridHelpers.UIEditors.ImageTextUIEditor`1" filename="c:\agent\_work\9\s\Code\PropertyGridHelpers\UIEditors\ImageTextUIEditorT.cs" line-rate="1" branch-rate="1" complexity="2">
          <methods>
            <method name=".ctor" signature="()" line-rate="1" branch-rate="1" complexity="1">
              <lines>
                <line number="75" hits="12" branch="false" />
              </lines>
            </method>
            <method name=".ctor" signature="(System.String)" line-rate="1" branch-rate="1" complexity="1">
              <lines>
                <line number="81" hits="12" branch="false" />
              </lines>
            </method>
          </methods>
          <lines>
            <line number="75" hits="12" branch="false" />
            <line number="81" hits="12" branch="false" />
          </lines>
        </class>
        <class name="PropertyGridHelpers.UIEditors.ImageTextUIEditor&lt;T&gt;" filename="c:\agent\_work\9\s\Code\PropertyGridHelpers\UIEditors\ImageTextUIEditorT.cs" line-rate="1" branch-rate="1" complexity="NaN">
          <methods>
            <method name="ImageTextUIEditor" signature="()" line-rate="1" branch-rate="1">
              <lines>
                <line number="75" hits="16" branch="false" />
              </lines>
            </method>
            <method name="ImageTextUIEditor" signature="(string)" line-rate="1" branch-rate="1">
              <lines>
                <line number="81" hits="16" branch="false" />
              </lines>
            </method>
          </methods>
          <lines>
            <line number="75" hits="16" branch="false" />
            <line number="81" hits="16" branch="false" />
          </lines>
        </class>
        <class name="PropertyGridHelpers.UIEditors.ResourcePathEditor" filename="c:\agent\_work\9\s\Code\PropertyGridHelpers\UIEditors\ResourcePathEditor.cs" line-rate="1" branch-rate="1" complexity="33">
          <methods>
            <method name="ResourcePathEditor" signature="()" line-rate="1" branch-rate="1">
              <lines>
                <line number="44" hits="48" branch="false" />
                <line number="45" hits="48" branch="false" />
                <line number="46" hits="48" branch="false" />
                <line number="47" hits="48" branch="false" />
                <line number="48" hits="48" branch="false" />
                <line number="49" hits="48" branch="false" />
                <line number="50" hits="48" branch="false" />
                <line number="51" hits="40" branch="false" />
                <line number="52" hits="48" branch="false" />
              </lines>
            </method>
            <method name="ResourcePathEditor" signature="(PropertyGridHelpers.Support.IResourceBaseNameExtractor)" line-rate="1" branch-rate="1">
              <lines>
                <line number="59" hits="48" branch="false" />
                <line number="60" hits="48" branch="false" />
              </lines>
            </method>
            <method name="EditValue" signature="(System.ComponentModel.ITypeDescriptorContext, System.IServiceProvider, object)" line-rate="1" branch-rate="1">
              <lines>
                <line number="73" hits="28" branch="false" />
                <line number="74" hits="36" branch="false" />
                <line number="75" hits="36" branch="true" condition-coverage="100% (6/6)" />
                <line number="76" hits="36" branch="false" />
                <line number="77" hits="36" branch="false" />
                <line number="78" hits="24" branch="false" />
                <line number="79" hits="32" branch="true" condition-coverage="100% (2/2)" />
                <line number="80" hits="24" branch="false" />
                <line number="81" hits="32" branch="false" />
                <line number="84" hits="32" branch="false" />
                <line number="86" hits="32" branch="true" condition-coverage="100% (2/2)" />
                <line number="87" hits="24" branch="false" />
                <line number="89" hits="32" branch="false" />
                <line number="90" hits="32" branch="true" condition-coverage="100% (2/2)" />
                <line number="91" hits="32" branch="false" />
                <line number="93" hits="32" branch="false" />
                <line number="95" hits="32" branch="false" />
                <line number="97" hits="32" branch="true" condition-coverage="100% (2/2)" />
                <line number="98" hits="32" branch="true" condition-coverage="100% (4/4)" />
                <line number="99" hits="24" branch="false" />
                <line number="100" hits="24" branch="false" />
                <line number="101" hits="24" branch="false" />
                <line number="103" hits="36" branch="false" />
                <line number="104" hits="28" branch="false" />
              </lines>
            </method>
            <method name="GetEditStyle" signature="(System.ComponentModel.ITypeDescriptorContext)" line-rate="1" branch-rate="1" complexity="1">
              <lines>
                <line number="112" hits="20" branch="false" />
              </lines>
            </method>
            <method name="GetPaintValueSupported" signature="(System.ComponentModel.ITypeDescriptorContext)" line-rate="1" branch-rate="1" complexity="1">
              <lines>
                <line number="120" hits="20" branch="false" />
              </lines>
            </method>
            <method name="IsDropDownResizable" signature="()" line-rate="1" branch-rate="1" complexity="NaN">
              <lines>
                <line number="128" hits="20" branch="false" />
              </lines>
            </method>
            <method name="CreateListBox" signature="(System.Collections.Generic.IList&lt;string&gt;, bool, string, object)" line-rate="1" branch-rate="1">
              <lines>
                <line number="143" hits="24" branch="false" />
                <line number="144" hits="32" branch="false" />
                <line number="145" hits="32" branch="false" />
                <line number="146" hits="32" branch="false" />
                <line number="147" hits="32" branch="false" />
                <line number="148" hits="32" branch="false" />
                <line number="149" hits="32" branch="false" />
                <line number="150" hits="32" branch="false" />
                <line number="152" hits="32" branch="false" />
                <line number="153" hits="32" branch="true" condition-coverage="100% (2/2)" />
                <line number="154" hits="28" branch="false" />
                <line number="155" hits="160" branch="true" condition-coverage="100% (2/2)" />
                <line number="156" hits="64" branch="false" />
                <line number="158" hits="32" branch="true" condition-coverage="100% (4/4)" />
                <line number="159" hits="24" branch="false" />
                <line number="160" hits="24" branch="true" condition-coverage="100% (2/2)" />
                <line number="161" hits="24" branch="false" />
                <line number="163" hits="32" branch="false" />
                <line number="164" hits="32" branch="false" />
                <line number="165" hits="24" branch="false" />
              </lines>
            </method>
            <method name="EditValue" signature="(System.ComponentModel.ITypeDescriptorContext, System.IServiceProvider, object)" line-rate="1" branch-rate="1">
              <lines>
                <line number="74" hits="36" branch="false" />
                <line number="75" hits="36" branch="true" condition-coverage="100% (6/6)" />
                <line number="76" hits="36" branch="false" />
                <line number="77" hits="36" branch="false" />
                <line number="78" hits="24" branch="false" />
                <line number="79" hits="32" branch="true" condition-coverage="100% (2/2)" />
                <line number="80" hits="24" branch="false" />
                <line number="81" hits="32" branch="false" />
                <line number="84" hits="32" branch="false" />
                <line number="86" hits="32" branch="true" condition-coverage="100% (2/2)" />
                <line number="87" hits="24" branch="false" />
                <line number="89" hits="32" branch="false" />
                <line number="90" hits="32" branch="true" condition-coverage="100% (2/2)" />
                <line number="91" hits="32" branch="false" />
                <line number="93" hits="32" branch="false" />
                <line number="95" hits="32" branch="false" />
                <line number="97" hits="32" branch="true" condition-coverage="100% (2/2)" />
                <line number="98" hits="32" branch="true" condition-coverage="100% (4/4)" />
                <line number="99" hits="24" branch="false" />
                <line number="100" hits="24" branch="false" />
                <line number="101" hits="24" branch="false" />
                <line number="103" hits="36" branch="false" />
              </lines>
            </method>
            <method name="CreateListBox" signature="(System.Collections.Generic.IList&lt;string&gt;, bool, string, object)" line-rate="1" branch-rate="1">
              <lines>
                <line number="144" hits="32" branch="false" />
                <line number="145" hits="32" branch="false" />
                <line number="146" hits="32" branch="false" />
                <line number="147" hits="32" branch="false" />
                <line number="148" hits="32" branch="false" />
                <line number="149" hits="32" branch="false" />
                <line number="150" hits="32" branch="false" />
                <line number="152" hits="32" branch="false" />
                <line number="153" hits="32" branch="true" condition-coverage="100% (2/2)" />
                <line number="154" hits="28" branch="false" />
                <line number="155" hits="160" branch="true" condition-coverage="100% (2/2)" />
                <line number="156" hits="64" branch="false" />
                <line number="158" hits="32" branch="true" condition-coverage="100% (4/4)" />
                <line number="159" hits="24" branch="false" />
                <line number="160" hits="24" branch="true" condition-coverage="100% (2/2)" />
                <line number="161" hits="24" branch="false" />
                <line number="163" hits="32" branch="false" />
                <line number="164" hits="32" branch="false" />
              </lines>
            </method>
            <method name="EditValue" signature="(System.ComponentModel.ITypeDescriptorContext,System.IServiceProvider,System.Object)" line-rate="1" branch-rate="1" complexity="18">
              <lines>
                <line number="73" hits="28" branch="false" />
                <line number="74" hits="36" branch="false" />
                <line number="75" hits="36" branch="true" condition-coverage="100% (6/6)" />
                <line number="76" hits="36" branch="false" />
                <line number="77" hits="36" branch="false" />
                <line number="78" hits="24" branch="false" />
                <line number="79" hits="32" branch="true" condition-coverage="100% (2/2)" />
                <line number="80" hits="24" branch="false" />
                <line number="81" hits="32" branch="false" />
                <line number="84" hits="32" branch="false" />
                <line number="86" hits="32" branch="true" condition-coverage="100% (2/2)" />
                <line number="87" hits="24" branch="false" />
                <line number="89" hits="32" branch="false" />
                <line number="90" hits="32" branch="true" condition-coverage="100% (2/2)" />
                <line number="91" hits="32" branch="false" />
                <line number="93" hits="32" branch="false" />
                <line number="95" hits="32" branch="false" />
                <line number="97" hits="32" branch="true" condition-coverage="100% (2/2)" />
                <line number="98" hits="32" branch="true" condition-coverage="100% (4/4)" />
                <line number="99" hits="24" branch="false" />
                <line number="100" hits="24" branch="false" />
                <line number="101" hits="24" branch="false" />
                <line number="103" hits="36" branch="false" />
                <line number="104" hits="28" branch="false" />
              </lines>
            </method>
            <method name="get_IsDropDownResizable" signature="()" line-rate="1" branch-rate="1" complexity="1">
              <lines>
                <line number="128" hits="20" branch="false" />
              </lines>
            </method>
            <method name="CreateListBox" signature="(System.Collections.Generic.IList`1&lt;System.String&gt;,System.Boolean,System.String,System.Object)" line-rate="1" branch-rate="1" complexity="10">
              <lines>
                <line number="143" hits="24" branch="false" />
                <line number="144" hits="32" branch="false" />
                <line number="145" hits="32" branch="false" />
                <line number="146" hits="32" branch="false" />
                <line number="147" hits="32" branch="false" />
                <line number="148" hits="32" branch="false" />
                <line number="149" hits="32" branch="false" />
                <line number="150" hits="32" branch="false" />
                <line number="152" hits="32" branch="false" />
                <line number="153" hits="32" branch="true" condition-coverage="100% (2/2)" />
                <line number="154" hits="28" branch="false" />
                <line number="155" hits="160" branch="true" condition-coverage="100% (2/2)" />
                <line number="156" hits="64" branch="false" />
                <line number="158" hits="32" branch="true" condition-coverage="100% (4/4)" />
                <line number="159" hits="24" branch="false" />
                <line number="160" hits="24" branch="true" condition-coverage="100% (2/2)" />
                <line number="161" hits="24" branch="false" />
                <line number="163" hits="32" branch="false" />
                <line number="164" hits="32" branch="false" />
                <line number="165" hits="24" branch="false" />
              </lines>
            </method>
            <method name=".ctor" signature="()" line-rate="1" branch-rate="1" complexity="1">
              <lines>
                <line number="44" hits="48" branch="false" />
                <line number="45" hits="48" branch="false" />
                <line number="46" hits="48" branch="false" />
                <line number="47" hits="48" branch="false" />
                <line number="48" hits="48" branch="false" />
                <line number="49" hits="48" branch="false" />
                <line number="50" hits="48" branch="false" />
                <line number="51" hits="40" branch="false" />
                <line number="52" hits="48" branch="false" />
              </lines>
            </method>
            <method name=".ctor" signature="(PropertyGridHelpers.Support.IResourceBaseNameExtractor)" line-rate="1" branch-rate="1" complexity="1">
              <lines>
                <line number="59" hits="48" branch="false" />
                <line number="60" hits="48" branch="false" />
              </lines>
            </method>
          </methods>
          <lines>
            <line number="44" hits="48" branch="false" />
            <line number="45" hits="48" branch="false" />
            <line number="46" hits="48" branch="false" />
            <line number="47" hits="48" branch="false" />
            <line number="48" hits="48" branch="false" />
            <line number="49" hits="48" branch="false" />
            <line number="50" hits="48" branch="false" />
            <line number="51" hits="40" branch="false" />
            <line number="52" hits="48" branch="false" />
            <line number="59" hits="48" branch="false" />
            <line number="60" hits="48" branch="false" />
            <line number="73" hits="28" branch="false" />
            <line number="74" hits="36" branch="false" />
            <line number="75" hits="36" branch="true" condition-coverage="100% (6/6)" />
            <line number="76" hits="36" branch="false" />
            <line number="77" hits="36" branch="false" />
            <line number="78" hits="24" branch="false" />
            <line number="79" hits="32" branch="true" condition-coverage="100% (2/2)" />
            <line number="80" hits="24" branch="false" />
            <line number="81" hits="32" branch="false" />
            <line number="84" hits="32" branch="false" />
            <line number="86" hits="32" branch="true" condition-coverage="100% (2/2)" />
            <line number="87" hits="24" branch="false" />
            <line number="89" hits="32" branch="false" />
            <line number="90" hits="32" branch="true" condition-coverage="100% (2/2)" />
            <line number="91" hits="32" branch="false" />
            <line number="93" hits="32" branch="false" />
            <line number="95" hits="32" branch="false" />
            <line number="97" hits="32" branch="true" condition-coverage="100% (2/2)" />
            <line number="98" hits="32" branch="true" condition-coverage="100% (4/4)" />
            <line number="99" hits="24" branch="false" />
            <line number="100" hits="24" branch="false" />
            <line number="101" hits="24" branch="false" />
            <line number="103" hits="36" branch="false" />
            <line number="104" hits="28" branch="false" />
            <line number="112" hits="20" branch="false" />
            <line number="120" hits="20" branch="false" />
            <line number="128" hits="20" branch="false" />
            <line number="143" hits="24" branch="false" />
            <line number="144" hits="32" branch="false" />
            <line number="145" hits="32" branch="false" />
            <line number="146" hits="32" branch="false" />
            <line number="147" hits="32" branch="false" />
            <line number="148" hits="32" branch="false" />
            <line number="149" hits="32" branch="false" />
            <line number="150" hits="32" branch="false" />
            <line number="152" hits="32" branch="false" />
            <line number="153" hits="32" branch="true" condition-coverage="100% (2/2)" />
            <line number="154" hits="28" branch="false" />
            <line number="155" hits="160" branch="true" condition-coverage="100% (2/2)" />
            <line number="156" hits="64" branch="false" />
            <line number="158" hits="32" branch="true" condition-coverage="100% (4/4)" />
            <line number="159" hits="24" branch="false" />
            <line number="160" hits="24" branch="true" condition-coverage="100% (2/2)" />
            <line number="161" hits="24" branch="false" />
            <line number="163" hits="32" branch="false" />
            <line number="164" hits="32" branch="false" />
            <line number="165" hits="24" branch="false" />
          </lines>
        </class>
      </classes>
    </package>
  </packages>
</coverage>