<?xml version="1.0" encoding="utf-8"?>
<!DOCTYPE coverage SYSTEM "http://cobertura.sourceforge.net/xml/coverage-04.dtd">
<coverage line-rate="0.9025157232704403" branch-rate="0.8660714285714286" lines-covered="287" lines-valid="318" branches-covered="97" branches-valid="112" complexity="263" version="0" timestamp="1734796287">
  <sources>
    <source>c:\agent\_work\9\s\Code\PropertyGridHelpers\</source>
  </sources>
  <packages>
    <package name="PropertyGridHelpers" line-rate="0.9025157232704403" branch-rate="0.8660714285714286" complexity="263">
      <classes>
        <class name="PropertyGridHelpers.Attributes.EnumImageAttribute" filename="c:\agent\_work\9\s\Code\PropertyGridHelpers\Attributes\EnumImageAttribute.cs" line-rate="1" branch-rate="1" complexity="3">
          <methods>
            <method name="get_EnumImage" signature="()" line-rate="1" branch-rate="1" complexity="1">
              <lines>
                <line number="34" hits="32" branch="false" />
              </lines>
            </method>
            <method name=".ctor" signature="()" line-rate="1" branch-rate="1" complexity="1">
              <lines>
                <line number="15" hits="16" branch="false" />
                <line number="16" hits="8" branch="false" />
                <line number="17" hits="16" branch="false" />
                <line number="18" hits="16" branch="false" />
              </lines>
            </method>
            <method name=".ctor" signature="(System.String)" line-rate="1" branch-rate="1" complexity="1">
              <lines>
                <line number="23" hits="16" branch="false" />
                <line number="24" hits="8" branch="false" />
                <line number="25" hits="16" branch="false" />
                <line number="26" hits="16" branch="false" />
              </lines>
            </method>
          </methods>
          <lines>
            <line number="15" hits="16" branch="false" />
            <line number="16" hits="8" branch="false" />
            <line number="17" hits="16" branch="false" />
            <line number="18" hits="16" branch="false" />
            <line number="23" hits="16" branch="false" />
            <line number="24" hits="8" branch="false" />
            <line number="25" hits="16" branch="false" />
            <line number="26" hits="16" branch="false" />
            <line number="34" hits="32" branch="false" />
          </lines>
        </class>
        <class name="PropertyGridHelpers.Attributes.EnumTextAttribute" filename="c:\agent\_work\9\s\Code\PropertyGridHelpers\Attributes\EnumTextAttribute.cs" line-rate="1" branch-rate="1" complexity="2">
          <methods>
            <method name="get_EnumText" signature="()" line-rate="1" branch-rate="1" complexity="1">
              <lines>
                <line number="27" hits="176" branch="false" />
              </lines>
            </method>
            <method name=".ctor" signature="(System.String)" line-rate="1" branch-rate="1" complexity="1">
              <lines>
                <line number="16" hits="176" branch="false" />
                <line number="17" hits="88" branch="false" />
                <line number="18" hits="176" branch="false" />
                <line number="19" hits="176" branch="false" />
              </lines>
            </method>
          </methods>
          <lines>
            <line number="16" hits="176" branch="false" />
            <line number="17" hits="88" branch="false" />
            <line number="18" hits="176" branch="false" />
            <line number="19" hits="176" branch="false" />
            <line number="27" hits="176" branch="false" />
          </lines>
        </class>
        <class name="PropertyGridHelpers.Controls.FlagCheckedListBox" filename="c:\agent\_work\9\s\Code\PropertyGridHelpers\Controls\FlagCheckedListBox.cs" line-rate="0.9381443298969072" branch-rate="0.84375" complexity="78">
          <methods>
            <method name="Dispose" signature="(System.Boolean)" line-rate="1" branch-rate="1" complexity="1">
              <lines>
                <line number="31" hits="104" branch="false" />
                <line number="32" hits="208" branch="false" />
                <line number="33" hits="208" branch="false" />
              </lines>
            </method>
            <method name="InitializeComponent" signature="()" line-rate="1" branch-rate="1" complexity="1">
              <lines>
                <line number="41" hits="104" branch="false" />
                <line number="45" hits="208" branch="false" />
                <line number="46" hits="208" branch="false" />
              </lines>
            </method>
            <method name="Add" signature="(System.Int32,System.String)" line-rate="1" branch-rate="1" complexity="1">
              <lines>
                <line number="59" hits="184" branch="false" />
                <line number="60" hits="368" branch="false" />
                <line number="61" hits="368" branch="false" />
                <line number="62" hits="368" branch="false" />
                <line number="63" hits="184" branch="false" />
              </lines>
            </method>
            <method name="Add" signature="(PropertyGridHelpers.Controls.FlagCheckedListBoxItem)" line-rate="1" branch-rate="1" complexity="1">
              <lines>
                <line number="72" hits="16" branch="false" />
                <line number="73" hits="32" branch="false" />
                <line number="74" hits="32" branch="false" />
                <line number="75" hits="16" branch="false" />
              </lines>
            </method>
            <method name="OnItemCheck" signature="(System.Windows.Forms.ItemCheckEventArgs)" line-rate="1" branch-rate="1" complexity="4">
              <lines>
                <line number="83" hits="64" branch="false" />
                <line number="84" hits="128" branch="false" />
                <line number="86" hits="128" branch="true" condition-coverage="100% (2/2)" />
                <line number="88" hits="128" branch="true" condition-coverage="100% (2/2)" />
                <line number="89" hits="112" branch="false" />
                <line number="92" hits="16" branch="false" />
                <line number="94" hits="16" branch="false" />
                <line number="95" hits="72" branch="false" />
              </lines>
            </method>
            <method name="UpdateCheckedItems" signature="(System.Int32)" line-rate="0.8235294117647058" branch-rate="0.875" complexity="8">
              <lines>
                <line number="104" hits="48" branch="false" />
                <line number="105" hits="96" branch="false" />
                <line number="108" hits="864" branch="true" condition-coverage="100% (2/2)" />
                <line number="109" hits="168" branch="false" />
                <line number="110" hits="336" branch="false" />
                <line number="112" hits="336" branch="true" condition-coverage="50% (1/2)" />
                <line number="113" hits="0" branch="false" />
                <line number="114" hits="0" branch="false" />
                <line number="115" hits="0" branch="false" />
                <line number="117" hits="168" branch="false" />
                <line number="120" hits="336" branch="true" condition-coverage="100% (4/4)" />
                <line number="121" hits="112" branch="false" />
                <line number="124" hits="224" branch="false" />
                <line number="125" hits="168" branch="false" />
                <line number="126" hits="168" branch="false" />
                <line number="128" hits="96" branch="false" />
                <line number="129" hits="96" branch="false" />
              </lines>
            </method>
            <method name="UpdateCheckedItems" signature="(PropertyGridHelpers.Controls.FlagCheckedListBoxItem,System.Windows.Forms.CheckState)" line-rate="0.8" branch-rate="0.7" complexity="10">
              <lines>
                <line number="142" hits="8" branch="false" />
                <line number="144" hits="16" branch="true" condition-coverage="75% (3/4)" />
                <line number="145" hits="0" branch="false" />
                <line number="148" hits="16" branch="false" />
                <line number="149" hits="64" branch="true" condition-coverage="100% (2/2)" />
                <line number="150" hits="8" branch="false" />
                <line number="151" hits="16" branch="false" />
                <line number="154" hits="16" branch="true" condition-coverage="50% (1/2)" />
                <line number="155" hits="0" branch="false" />
                <line number="156" hits="8" branch="false" />
                <line number="159" hits="16" branch="true" condition-coverage="50% (1/2)" />
                <line number="160" hits="0" branch="false" />
                <line number="163" hits="16" branch="false" />
                <line number="166" hits="16" branch="false" />
                <line number="167" hits="16" branch="false" />
              </lines>
            </method>
            <method name="GetCurrentValue" signature="()" line-rate="1" branch-rate="1" complexity="4">
              <lines>
                <line number="177" hits="48" branch="false" />
                <line number="178" hits="96" branch="false" />
                <line number="180" hits="864" branch="true" condition-coverage="100% (2/2)" />
                <line number="181" hits="168" branch="false" />
                <line number="182" hits="336" branch="false" />
                <line number="184" hits="336" branch="true" condition-coverage="100% (2/2)" />
                <line number="185" hits="112" branch="false" />
                <line number="186" hits="168" branch="false" />
                <line number="188" hits="96" branch="false" />
                <line number="189" hits="48" branch="false" />
              </lines>
            </method>
            <method name="FillEnumMembers" signature="()" line-rate="1" branch-rate="0.75" complexity="4">
              <lines>
                <line number="199" hits="40" branch="false" />
                <line number="200" hits="840" branch="true" condition-coverage="100% (2/2)" />
                <line number="201" hits="160" branch="false" />
                <line number="202" hits="320" branch="false" />
                <line number="203" hits="320" branch="true" condition-coverage="50% (1/2)" />
                <line number="204" hits="320" branch="false" />
                <line number="206" hits="320" branch="false" />
                <line number="207" hits="160" branch="false" />
                <line number="208" hits="80" branch="false" />
              </lines>
            </method>
            <method name="ApplyEnumValue" signature="()" line-rate="1" branch-rate="1" complexity="1">
              <lines>
                <line number="215" hits="40" branch="false" />
                <line number="216" hits="80" branch="false" />
                <line number="217" hits="80" branch="false" />
                <line number="218" hits="80" branch="false" />
              </lines>
            </method>
            <method name="get_EnumValue" signature="()" line-rate="1" branch-rate="1" complexity="1">
              <lines>
                <line number="230" hits="32" branch="false" />
                <line number="231" hits="64" branch="false" />
                <line number="232" hits="64" branch="false" />
                <line number="233" hits="32" branch="false" />
              </lines>
            </method>
            <method name="set_EnumValue" signature="(System.Enum)" line-rate="1" branch-rate="1" complexity="2">
              <lines>
                <line number="235" hits="40" branch="false" />
                <line number="236" hits="80" branch="true" condition-coverage="100% (2/2)" />
                <line number="237" hits="40" branch="false" />
                <line number="238" hits="80" branch="false" />
                <line number="239" hits="80" branch="false" />
                <line number="240" hits="80" branch="false" />
                <line number="241" hits="80" branch="false" />
                <line number="242" hits="80" branch="false" />
                <line number="243" hits="40" branch="false" />
                <line number="244" hits="80" branch="false" />
              </lines>
            </method>
            <method name="get_Converter" signature="()" line-rate="1" branch-rate="1" complexity="1">
              <lines>
                <line number="254" hits="336" branch="false" />
              </lines>
            </method>
            <method name=".ctor" signature="()" line-rate="1" branch-rate="1" complexity="1">
              <lines>
                <line number="18" hits="208" branch="false" />
                <line number="19" hits="104" branch="false" />
                <line number="21" hits="208" branch="false" />
                <line number="24" hits="208" branch="false" />
              </lines>
            </method>
            <method name="Dispose" signature="(System.Boolean)" line-rate="1" branch-rate="1" complexity="1">
              <lines>
                <line number="32" hits="208" branch="false" />
                <line number="33" hits="208" branch="false" />
              </lines>
            </method>
            <method name="InitializeComponent" signature="()" line-rate="1" branch-rate="1" complexity="1">
              <lines>
                <line number="45" hits="208" branch="false" />
                <line number="46" hits="208" branch="false" />
              </lines>
            </method>
            <method name="Add" signature="(System.Int32,System.String)" line-rate="1" branch-rate="1" complexity="1">
              <lines>
                <line number="60" hits="368" branch="false" />
                <line number="61" hits="368" branch="false" />
                <line number="62" hits="368" branch="false" />
              </lines>
            </method>
            <method name="Add" signature="(PropertyGridHelpers.Controls.FlagCheckedListBoxItem)" line-rate="1" branch-rate="1" complexity="1">
              <lines>
                <line number="73" hits="32" branch="false" />
                <line number="74" hits="32" branch="false" />
              </lines>
            </method>
            <method name="OnItemCheck" signature="(System.Windows.Forms.ItemCheckEventArgs)" line-rate="1" branch-rate="1" complexity="4">
              <lines>
                <line number="84" hits="128" branch="false" />
                <line number="86" hits="128" branch="true" condition-coverage="100% (2/2)" />
                <line number="88" hits="128" branch="true" condition-coverage="100% (2/2)" />
                <line number="89" hits="112" branch="false" />
                <line number="92" hits="16" branch="false" />
                <line number="94" hits="16" branch="false" />
                <line number="95" hits="72" branch="false" />
              </lines>
            </method>
            <method name="UpdateCheckedItems" signature="(System.Int32)" line-rate="0.8125" branch-rate="0.875" complexity="8">
              <lines>
                <line number="105" hits="96" branch="false" />
                <line number="108" hits="864" branch="true" condition-coverage="100% (2/2)" />
                <line number="109" hits="168" branch="false" />
                <line number="110" hits="336" branch="false" />
                <line number="112" hits="336" branch="true" condition-coverage="50% (1/2)" />
                <line number="113" hits="0" branch="false" />
                <line number="114" hits="0" branch="false" />
                <line number="115" hits="0" branch="false" />
                <line number="117" hits="168" branch="false" />
                <line number="120" hits="336" branch="true" condition-coverage="100% (4/4)" />
                <line number="121" hits="112" branch="false" />
                <line number="124" hits="224" branch="false" />
                <line number="125" hits="168" branch="false" />
                <line number="126" hits="168" branch="false" />
                <line number="128" hits="96" branch="false" />
                <line number="129" hits="96" branch="false" />
              </lines>
            </method>
            <method name="UpdateCheckedItems" signature="(PropertyGridHelpers.Controls.FlagCheckedListBoxItem,System.Windows.Forms.CheckState)" line-rate="0.7857142857142857" branch-rate="0.7" complexity="10">
              <lines>
                <line number="144" hits="16" branch="true" condition-coverage="75% (3/4)" />
                <line number="145" hits="0" branch="false" />
                <line number="148" hits="16" branch="false" />
                <line number="149" hits="64" branch="true" condition-coverage="100% (2/2)" />
                <line number="150" hits="8" branch="false" />
                <line number="151" hits="16" branch="false" />
                <line number="154" hits="16" branch="true" condition-coverage="50% (1/2)" />
                <line number="155" hits="0" branch="false" />
                <line number="156" hits="8" branch="false" />
                <line number="159" hits="16" branch="true" condition-coverage="50% (1/2)" />
                <line number="160" hits="0" branch="false" />
                <line number="163" hits="16" branch="false" />
                <line number="166" hits="16" branch="false" />
                <line number="167" hits="16" branch="false" />
              </lines>
            </method>
            <method name="GetCurrentValue" signature="()" line-rate="1" branch-rate="1" complexity="4">
              <lines>
                <line number="178" hits="96" branch="false" />
                <line number="180" hits="864" branch="true" condition-coverage="100% (2/2)" />
                <line number="181" hits="168" branch="false" />
                <line number="182" hits="336" branch="false" />
                <line number="184" hits="336" branch="true" condition-coverage="100% (2/2)" />
                <line number="185" hits="112" branch="false" />
                <line number="186" hits="168" branch="false" />
                <line number="188" hits="96" branch="false" />
              </lines>
            </method>
            <method name="FillEnumMembers" signature="()" line-rate="1" branch-rate="0.75" complexity="4">
              <lines>
                <line number="200" hits="840" branch="true" condition-coverage="100% (2/2)" />
                <line number="201" hits="160" branch="false" />
                <line number="202" hits="320" branch="false" />
                <line number="203" hits="320" branch="true" condition-coverage="50% (1/2)" />
                <line number="204" hits="320" branch="false" />
                <line number="206" hits="320" branch="false" />
                <line number="207" hits="160" branch="false" />
                <line number="208" hits="80" branch="false" />
              </lines>
            </method>
            <method name="ApplyEnumValue" signature="()" line-rate="1" branch-rate="1" complexity="1">
              <lines>
                <line number="216" hits="80" branch="false" />
                <line number="217" hits="80" branch="false" />
                <line number="218" hits="80" branch="false" />
              </lines>
            </method>
            <method name="get_EnumValue" signature="()" line-rate="1" branch-rate="1" complexity="1">
              <lines>
                <line number="231" hits="64" branch="false" />
                <line number="232" hits="64" branch="false" />
              </lines>
            </method>
            <method name="set_EnumValue" signature="(System.Enum)" line-rate="1" branch-rate="1" complexity="2">
              <lines>
                <line number="236" hits="80" branch="true" condition-coverage="100% (2/2)" />
                <line number="237" hits="40" branch="false" />
                <line number="238" hits="80" branch="false" />
                <line number="239" hits="80" branch="false" />
                <line number="240" hits="80" branch="false" />
                <line number="241" hits="80" branch="false" />
                <line number="242" hits="80" branch="false" />
                <line number="243" hits="40" branch="false" />
                <line number="244" hits="80" branch="false" />
              </lines>
            </method>
          </methods>
          <lines>
            <line number="18" hits="208" branch="false" />
            <line number="19" hits="104" branch="false" />
            <line number="21" hits="208" branch="false" />
            <line number="24" hits="208" branch="false" />
            <line number="31" hits="104" branch="false" />
            <line number="32" hits="208" branch="false" />
            <line number="33" hits="208" branch="false" />
            <line number="41" hits="104" branch="false" />
            <line number="45" hits="208" branch="false" />
            <line number="46" hits="208" branch="false" />
            <line number="59" hits="184" branch="false" />
            <line number="60" hits="368" branch="false" />
            <line number="61" hits="368" branch="false" />
            <line number="62" hits="368" branch="false" />
            <line number="63" hits="184" branch="false" />
            <line number="72" hits="16" branch="false" />
            <line number="73" hits="32" branch="false" />
            <line number="74" hits="32" branch="false" />
            <line number="75" hits="16" branch="false" />
            <line number="83" hits="64" branch="false" />
            <line number="84" hits="128" branch="false" />
            <line number="86" hits="128" branch="true" condition-coverage="100% (2/2)" />
            <line number="88" hits="128" branch="true" condition-coverage="100% (2/2)" />
            <line number="89" hits="112" branch="false" />
            <line number="92" hits="16" branch="false" />
            <line number="94" hits="16" branch="false" />
            <line number="95" hits="72" branch="false" />
            <line number="104" hits="48" branch="false" />
            <line number="105" hits="96" branch="false" />
            <line number="108" hits="864" branch="true" condition-coverage="100% (2/2)" />
            <line number="109" hits="168" branch="false" />
            <line number="110" hits="336" branch="false" />
            <line number="112" hits="336" branch="true" condition-coverage="50% (1/2)" />
            <line number="113" hits="0" branch="false" />
            <line number="114" hits="0" branch="false" />
            <line number="115" hits="0" branch="false" />
            <line number="117" hits="168" branch="false" />
            <line number="120" hits="336" branch="true" condition-coverage="100% (4/4)" />
            <line number="121" hits="112" branch="false" />
            <line number="124" hits="224" branch="false" />
            <line number="125" hits="168" branch="false" />
            <line number="126" hits="168" branch="false" />
            <line number="128" hits="96" branch="false" />
            <line number="129" hits="96" branch="false" />
            <line number="142" hits="8" branch="false" />
            <line number="144" hits="16" branch="true" condition-coverage="75% (3/4)" />
            <line number="145" hits="0" branch="false" />
            <line number="148" hits="16" branch="false" />
            <line number="149" hits="64" branch="true" condition-coverage="100% (2/2)" />
            <line number="150" hits="8" branch="false" />
            <line number="151" hits="16" branch="false" />
            <line number="154" hits="16" branch="true" condition-coverage="50% (1/2)" />
            <line number="155" hits="0" branch="false" />
            <line number="156" hits="8" branch="false" />
            <line number="159" hits="16" branch="true" condition-coverage="50% (1/2)" />
            <line number="160" hits="0" branch="false" />
            <line number="163" hits="16" branch="false" />
            <line number="166" hits="16" branch="false" />
            <line number="167" hits="16" branch="false" />
            <line number="177" hits="48" branch="false" />
            <line number="178" hits="96" branch="false" />
            <line number="180" hits="864" branch="true" condition-coverage="100% (2/2)" />
            <line number="181" hits="168" branch="false" />
            <line number="182" hits="336" branch="false" />
            <line number="184" hits="336" branch="true" condition-coverage="100% (2/2)" />
            <line number="185" hits="112" branch="false" />
            <line number="186" hits="168" branch="false" />
            <line number="188" hits="96" branch="false" />
            <line number="189" hits="48" branch="false" />
            <line number="199" hits="40" branch="false" />
            <line number="200" hits="840" branch="true" condition-coverage="100% (2/2)" />
            <line number="201" hits="160" branch="false" />
            <line number="202" hits="320" branch="false" />
            <line number="203" hits="320" branch="true" condition-coverage="50% (1/2)" />
            <line number="204" hits="320" branch="false" />
            <line number="206" hits="320" branch="false" />
            <line number="207" hits="160" branch="false" />
            <line number="208" hits="80" branch="false" />
            <line number="215" hits="40" branch="false" />
            <line number="216" hits="80" branch="false" />
            <line number="217" hits="80" branch="false" />
            <line number="218" hits="80" branch="false" />
            <line number="230" hits="32" branch="false" />
            <line number="231" hits="64" branch="false" />
            <line number="232" hits="64" branch="false" />
            <line number="233" hits="32" branch="false" />
            <line number="235" hits="40" branch="false" />
            <line number="236" hits="80" branch="true" condition-coverage="100% (2/2)" />
            <line number="237" hits="40" branch="false" />
            <line number="238" hits="80" branch="false" />
            <line number="239" hits="80" branch="false" />
            <line number="240" hits="80" branch="false" />
            <line number="241" hits="80" branch="false" />
            <line number="242" hits="80" branch="false" />
            <line number="243" hits="40" branch="false" />
            <line number="244" hits="80" branch="false" />
            <line number="254" hits="336" branch="false" />
          </lines>
        </class>
        <class name="PropertyGridHelpers.Controls.FlagCheckedListBoxItem" filename="c:\agent\_work\9\s\Code\PropertyGridHelpers\Controls\FlagCheckedListBoxItem.cs" line-rate="0.8125" branch-rate="0.6666666666666666" complexity="19">
          <methods>
            <method name="ToString" signature="()" line-rate="0" branch-rate="1" complexity="1">
              <lines>
                <line number="26" hits="0" branch="false" />
                <line number="27" hits="0" branch="false" />
                <line number="28" hits="0" branch="false" />
              </lines>
            </method>
            <method name="get_IsFlag" signature="()" line-rate="1" branch-rate="1" complexity="1">
              <lines>
                <line number="39" hits="32" branch="false" />
                <line number="40" hits="64" branch="false" />
                <line number="41" hits="32" branch="false" />
              </lines>
            </method>
            <method name="get_Value" signature="()" line-rate="1" branch-rate="1" complexity="1">
              <lines>
                <line number="50" hits="1488" branch="false" />
              </lines>
            </method>
            <method name="get_Caption" signature="()" line-rate="1" branch-rate="1" complexity="1">
              <lines>
                <line number="58" hits="64" branch="false" />
              </lines>
            </method>
            <method name="IsMemberFlag" signature="(PropertyGridHelpers.Controls.FlagCheckedListBoxItem)" line-rate="1" branch-rate="0.6666666666666666" complexity="6">
              <lines>
                <line number="68" hits="16" branch="false" />
                <line number="69" hits="32" branch="true" condition-coverage="67% (4/6)" />
                <line number="70" hits="16" branch="false" />
              </lines>
            </method>
            <method name=".ctor" signature="(System.Int32,System.String)" line-rate="1" branch-rate="1" complexity="1">
              <lines>
                <line number="13" hits="544" branch="false" />
                <line number="14" hits="272" branch="false" />
                <line number="15" hits="544" branch="false" />
                <line number="16" hits="544" branch="false" />
                <line number="17" hits="544" branch="false" />
              </lines>
            </method>
            <method name="ToString" signature="()" line-rate="0" branch-rate="1" complexity="1">
              <lines>
                <line number="27" hits="0" branch="false" />
              </lines>
            </method>
            <method name="get_IsFlag" signature="()" line-rate="1" branch-rate="1" complexity="1">
              <lines>
                <line number="40" hits="64" branch="false" />
              </lines>
            </method>
            <method name="IsMemberFlag" signature="(PropertyGridHelpers.Controls.FlagCheckedListBoxItem)" line-rate="1" branch-rate="0.6666666666666666" complexity="6">
              <lines>
                <line number="69" hits="32" branch="true" condition-coverage="67% (4/6)" />
              </lines>
            </method>
          </methods>
          <lines>
            <line number="13" hits="544" branch="false" />
            <line number="14" hits="272" branch="false" />
            <line number="15" hits="544" branch="false" />
            <line number="16" hits="544" branch="false" />
            <line number="17" hits="544" branch="false" />
            <line number="26" hits="0" branch="false" />
            <line number="27" hits="0" branch="false" />
            <line number="28" hits="0" branch="false" />
            <line number="39" hits="32" branch="false" />
            <line number="40" hits="64" branch="false" />
            <line number="41" hits="32" branch="false" />
            <line number="50" hits="1488" branch="false" />
            <line number="58" hits="64" branch="false" />
            <line number="68" hits="16" branch="false" />
            <line number="69" hits="32" branch="true" condition-coverage="67% (4/6)" />
            <line number="70" hits="16" branch="false" />
          </lines>
        </class>
        <class name="PropertyGridHelpers.Converters.EnumTextConverter" filename="c:\agent\_work\9\s\Code\PropertyGridHelpers\Converters\EnumTextConverter.cs" line-rate="1" branch-rate="1" complexity="73">
          <methods>
            <method name="CanConvertTo" signature="(System.ComponentModel.ITypeDescriptorContext,System.Type)" line-rate="1" branch-rate="1" complexity="4">
              <lines>
                <line number="54" hits="40" branch="false" />
                <line number="55" hits="80" branch="true" condition-coverage="100% (4/4)" />
                <line number="56" hits="80" branch="false" />
                <line number="57" hits="80" branch="false" />
                <line number="58" hits="32" branch="false" />
              </lines>
            </method>
            <method name="ConvertTo" signature="(System.ComponentModel.ITypeDescriptorContext,System.Globalization.CultureInfo,System.Object,System.Type)" line-rate="1" branch-rate="1" complexity="10">
              <lines>
                <line number="74" hits="80" branch="false" />
                <line number="75" hits="192" branch="true" condition-coverage="100% (2/2)" />
                <line number="76" hits="128" branch="true" condition-coverage="100% (2/2)" />
                <line number="77" hits="16" branch="false" />
                <line number="78" hits="112" branch="true" condition-coverage="100% (2/2)" />
                <line number="79" hits="32" branch="false" />
                <line number="80" hits="64" branch="false" />
                <line number="81" hits="64" branch="false" />
                <line number="82" hits="64" branch="false" />
                <line number="83" hits="64" branch="false" />
                <line number="85" hits="64" branch="true" condition-coverage="100% (2/2)" />
                <line number="87" hits="48" branch="true" condition-coverage="100% (2/2)" />
                <line number="88" hits="16" branch="false" />
                <line number="89" hits="32" branch="false" />
                <line number="91" hits="16" branch="false" />
                <line number="92" hits="72" branch="false" />
              </lines>
            </method>
            <method name="CanConvertFrom" signature="(System.ComponentModel.ITypeDescriptorContext,System.Type)" line-rate="1" branch-rate="1" complexity="2">
              <lines>
                <line number="105" hits="16" branch="false" />
                <line number="106" hits="32" branch="true" condition-coverage="100% (2/2)" />
                <line number="107" hits="16" branch="false" />
              </lines>
            </method>
            <method name="ConvertFrom" signature="(System.ComponentModel.ITypeDescriptorContext,System.Globalization.CultureInfo,System.Object)" line-rate="1" branch-rate="1" complexity="16">
              <lines>
                <line number="121" hits="72" branch="false" />
                <line number="122" hits="176" branch="true" condition-coverage="100% (2/2)" />
                <line number="123" hits="112" branch="true" condition-coverage="100% (4/4)" />
                <line number="124" hits="112" branch="false" />
                <line number="125" hits="16" branch="false" />
                <line number="126" hits="96" branch="true" condition-coverage="100% (2/2)" />
                <line number="127" hits="32" branch="false" />
                <line number="128" hits="576" branch="true" condition-coverage="100% (2/2)" />
                <line number="129" hits="112" branch="false" />
                <line number="130" hits="224" branch="false" />
                <line number="131" hits="224" branch="false" />
                <line number="132" hits="224" branch="false" />
                <line number="134" hits="224" branch="true" condition-coverage="100% (4/4)" />
                <line number="135" hits="32" branch="false" />
                <line number="136" hits="96" branch="false" />
                <line number="137" hits="16" branch="false" />
                <line number="138" hits="32" branch="true" condition-coverage="100% (2/2)" />
                <line number="139" hits="16" branch="false" />
                <line number="140" hits="32" branch="false" />
                <line number="141" hits="32" branch="false" />
                <line number="142" hits="32" branch="false" />
                <line number="145" hits="32" branch="false" />
                <line number="146" hits="48" branch="false" />
              </lines>
            </method>
            <method name="Dispose" signature="(System.Boolean)" line-rate="1" branch-rate="1" complexity="4">
              <lines>
                <line number="153" hits="72" branch="false" />
                <line number="154" hits="144" branch="true" condition-coverage="100% (2/2)" />
                <line number="155" hits="72" branch="false" />
                <line number="156" hits="144" branch="true" condition-coverage="100% (2/2)" />
                <line number="157" hits="72" branch="false" />
                <line number="159" hits="72" branch="false" />
                <line number="163" hits="144" branch="false" />
                <line number="164" hits="72" branch="false" />
                <line number="165" hits="144" branch="false" />
              </lines>
            </method>
            <method name="Dispose" signature="()" line-rate="1" branch-rate="1" complexity="1">
              <lines>
                <line number="178" hits="72" branch="false" />
                <line number="180" hits="144" branch="false" />
                <line number="181" hits="144" branch="false" />
                <line number="182" hits="144" branch="false" />
              </lines>
            </method>
            <method name=".ctor" signature="(System.Type)" line-rate="1" branch-rate="1" complexity="1">
              <lines>
                <line number="33" hits="208" branch="false" />
                <line number="34" hits="104" branch="false" />
                <line number="35" hits="208" branch="false" />
                <line number="36" hits="208" branch="false" />
              </lines>
            </method>
            <method name="CanConvertTo" signature="(System.ComponentModel.ITypeDescriptorContext,System.Type)" line-rate="1" branch-rate="1" complexity="4">
              <lines>
                <line number="55" hits="80" branch="true" condition-coverage="100% (4/4)" />
                <line number="56" hits="80" branch="false" />
                <line number="57" hits="80" branch="false" />
              </lines>
            </method>
            <method name="ConvertTo" signature="(System.ComponentModel.ITypeDescriptorContext,System.Globalization.CultureInfo,System.Object,System.Type)" line-rate="1" branch-rate="1" complexity="10">
              <lines>
                <line number="75" hits="192" branch="true" condition-coverage="100% (2/2)" />
                <line number="76" hits="128" branch="true" condition-coverage="100% (2/2)" />
                <line number="77" hits="16" branch="false" />
                <line number="78" hits="112" branch="true" condition-coverage="100% (2/2)" />
                <line number="79" hits="32" branch="false" />
                <line number="80" hits="64" branch="false" />
                <line number="81" hits="64" branch="false" />
                <line number="82" hits="64" branch="false" />
                <line number="83" hits="64" branch="false" />
                <line number="85" hits="64" branch="true" condition-coverage="100% (2/2)" />
                <line number="87" hits="48" branch="true" condition-coverage="100% (2/2)" />
                <line number="88" hits="16" branch="false" />
                <line number="89" hits="32" branch="false" />
                <line number="91" hits="16" branch="false" />
              </lines>
            </method>
            <method name="CanConvertFrom" signature="(System.ComponentModel.ITypeDescriptorContext,System.Type)" line-rate="1" branch-rate="1" complexity="2">
              <lines>
                <line number="106" hits="32" branch="true" condition-coverage="100% (2/2)" />
              </lines>
            </method>
            <method name="ConvertFrom" signature="(System.ComponentModel.ITypeDescriptorContext,System.Globalization.CultureInfo,System.Object)" line-rate="1" branch-rate="1" complexity="16">
              <lines>
                <line number="122" hits="176" branch="true" condition-coverage="100% (2/2)" />
                <line number="123" hits="112" branch="true" condition-coverage="100% (4/4)" />
                <line number="124" hits="112" branch="false" />
                <line number="125" hits="16" branch="false" />
                <line number="126" hits="96" branch="true" condition-coverage="100% (2/2)" />
                <line number="127" hits="32" branch="false" />
                <line number="128" hits="576" branch="true" condition-coverage="100% (2/2)" />
                <line number="129" hits="112" branch="false" />
                <line number="130" hits="224" branch="false" />
                <line number="131" hits="224" branch="false" />
                <line number="132" hits="224" branch="false" />
                <line number="134" hits="224" branch="true" condition-coverage="100% (4/4)" />
                <line number="135" hits="32" branch="false" />
                <line number="136" hits="96" branch="false" />
                <line number="137" hits="16" branch="false" />
                <line number="138" hits="32" branch="true" condition-coverage="100% (2/2)" />
                <line number="139" hits="16" branch="false" />
                <line number="140" hits="32" branch="false" />
                <line number="141" hits="32" branch="false" />
                <line number="142" hits="32" branch="false" />
                <line number="145" hits="32" branch="false" />
              </lines>
            </method>
            <method name="Dispose" signature="(System.Boolean)" line-rate="1" branch-rate="1" complexity="2">
              <lines>
                <line number="154" hits="144" branch="true" condition-coverage="100% (2/2)" />
                <line number="155" hits="72" branch="false" />
                <line number="156" hits="144" branch="true" condition-coverage="100% (2/2)" />
                <line number="157" hits="72" branch="false" />
                <line number="159" hits="72" branch="false" />
                <line number="163" hits="144" branch="false" />
                <line number="164" hits="72" branch="false" />
                <line number="165" hits="144" branch="false" />
              </lines>
            </method>
            <method name="Dispose" signature="()" line-rate="1" branch-rate="1" complexity="1">
              <lines>
                <line number="180" hits="144" branch="false" />
                <line number="181" hits="144" branch="false" />
                <line number="182" hits="144" branch="false" />
              </lines>
            </method>
          </methods>
          <lines>
            <line number="33" hits="208" branch="false" />
            <line number="34" hits="104" branch="false" />
            <line number="35" hits="208" branch="false" />
            <line number="36" hits="208" branch="false" />
            <line number="54" hits="40" branch="false" />
            <line number="55" hits="80" branch="true" condition-coverage="100% (4/4)" />
            <line number="56" hits="80" branch="false" />
            <line number="57" hits="80" branch="false" />
            <line number="58" hits="32" branch="false" />
            <line number="74" hits="80" branch="false" />
            <line number="75" hits="192" branch="true" condition-coverage="100% (2/2)" />
            <line number="76" hits="128" branch="true" condition-coverage="100% (2/2)" />
            <line number="77" hits="16" branch="false" />
            <line number="78" hits="112" branch="true" condition-coverage="100% (2/2)" />
            <line number="79" hits="32" branch="false" />
            <line number="80" hits="64" branch="false" />
            <line number="81" hits="64" branch="false" />
            <line number="82" hits="64" branch="false" />
            <line number="83" hits="64" branch="false" />
            <line number="85" hits="64" branch="true" condition-coverage="100% (2/2)" />
            <line number="87" hits="48" branch="true" condition-coverage="100% (2/2)" />
            <line number="88" hits="16" branch="false" />
            <line number="89" hits="32" branch="false" />
            <line number="91" hits="16" branch="false" />
            <line number="92" hits="72" branch="false" />
            <line number="105" hits="16" branch="false" />
            <line number="106" hits="32" branch="true" condition-coverage="100% (2/2)" />
            <line number="107" hits="16" branch="false" />
            <line number="121" hits="72" branch="false" />
            <line number="122" hits="176" branch="true" condition-coverage="100% (2/2)" />
            <line number="123" hits="112" branch="true" condition-coverage="100% (4/4)" />
            <line number="124" hits="112" branch="false" />
            <line number="125" hits="16" branch="false" />
            <line number="126" hits="96" branch="true" condition-coverage="100% (2/2)" />
            <line number="127" hits="32" branch="false" />
            <line number="128" hits="576" branch="true" condition-coverage="100% (2/2)" />
            <line number="129" hits="112" branch="false" />
            <line number="130" hits="224" branch="false" />
            <line number="131" hits="224" branch="false" />
            <line number="132" hits="224" branch="false" />
            <line number="134" hits="224" branch="true" condition-coverage="100% (4/4)" />
            <line number="135" hits="32" branch="false" />
            <line number="136" hits="96" branch="false" />
            <line number="137" hits="16" branch="false" />
            <line number="138" hits="32" branch="true" condition-coverage="100% (2/2)" />
            <line number="139" hits="16" branch="false" />
            <line number="140" hits="32" branch="false" />
            <line number="141" hits="32" branch="false" />
            <line number="142" hits="32" branch="false" />
            <line number="145" hits="32" branch="false" />
            <line number="146" hits="48" branch="false" />
            <line number="153" hits="72" branch="false" />
            <line number="154" hits="144" branch="true" condition-coverage="100% (2/2)" />
            <line number="155" hits="72" branch="false" />
            <line number="156" hits="144" branch="true" condition-coverage="100% (2/2)" />
            <line number="157" hits="72" branch="false" />
            <line number="159" hits="72" branch="false" />
            <line number="163" hits="144" branch="false" />
            <line number="164" hits="72" branch="false" />
            <line number="165" hits="144" branch="false" />
            <line number="178" hits="72" branch="false" />
            <line number="180" hits="144" branch="false" />
            <line number="181" hits="144" branch="false" />
            <line number="182" hits="144" branch="false" />
          </lines>
        </class>
        <class name="PropertyGridHelpers.Converters.EnumTextConverter`1" filename="c:\agent\_work\9\s\Code\PropertyGridHelpers\Converters\EnumTextConverter.cs" line-rate="1" branch-rate="1" complexity="1">
          <methods>
            <method name=".ctor" signature="()" line-rate="1" branch-rate="1" complexity="1">
              <lines>
                <line number="205" hits="208" branch="false" />
                <line number="206" hits="104" branch="false" />
                <line number="207" hits="208" branch="false" />
              </lines>
            </method>
          </methods>
          <lines>
            <line number="205" hits="208" branch="false" />
            <line number="206" hits="104" branch="false" />
            <line number="207" hits="208" branch="false" />
          </lines>
        </class>
        <class name="PropertyGridHelpers.Converters.TypeConverter`1" filename="c:\agent\_work\9\s\Code\PropertyGridHelpers\Converters\TypeConverter.cs" line-rate="1" branch-rate="0.9375" complexity="30">
          <methods>
            <method name="CanConvertTo" signature="(System.ComponentModel.ITypeDescriptorContext,System.Type)" line-rate="1" branch-rate="1" complexity="4">
              <lines>
                <line number="25" hits="16" branch="false" />
                <line number="26" hits="32" branch="true" condition-coverage="100% (4/4)" />
                <line number="27" hits="16" branch="false" />
              </lines>
            </method>
            <method name="ConvertTo" signature="(System.ComponentModel.ITypeDescriptorContext,System.Globalization.CultureInfo,System.Object,System.Type)" line-rate="1" branch-rate="0.8333333333333334" complexity="6">
              <lines>
                <line number="42" hits="16" branch="false" />
                <line number="43" hits="32" branch="true" condition-coverage="83% (5/6)" />
                <line number="44" hits="32" branch="false" />
                <line number="45" hits="8" branch="false" />
                <line number="46" hits="16" branch="false" />
                <line number="48" hits="16" branch="false" />
                <line number="50" hits="16" branch="false" />
                <line number="51" hits="16" branch="false" />
              </lines>
            </method>
            <method name="CanConvertFrom" signature="(System.ComponentModel.ITypeDescriptorContext,System.Type)" line-rate="1" branch-rate="1" complexity="2">
              <lines>
                <line number="62" hits="16" branch="false" />
                <line number="63" hits="32" branch="true" condition-coverage="100% (2/2)" />
                <line number="64" hits="16" branch="false" />
              </lines>
            </method>
            <method name="Dispose" signature="(System.Boolean)" line-rate="1" branch-rate="1" complexity="4">
              <lines>
                <line number="71" hits="48" branch="false" />
                <line number="72" hits="96" branch="true" condition-coverage="100% (2/2)" />
                <line number="73" hits="48" branch="false" />
                <line number="74" hits="96" branch="true" condition-coverage="100% (2/2)" />
                <line number="75" hits="48" branch="false" />
                <line number="77" hits="48" branch="false" />
                <line number="81" hits="96" branch="false" />
                <line number="82" hits="48" branch="false" />
                <line number="83" hits="96" branch="false" />
              </lines>
            </method>
            <method name="Dispose" signature="()" line-rate="1" branch-rate="1" complexity="1">
              <lines>
                <line number="96" hits="48" branch="false" />
                <line number="98" hits="96" branch="false" />
                <line number="99" hits="96" branch="false" />
                <line number="100" hits="96" branch="false" />
              </lines>
            </method>
            <method name="CanConvertTo" signature="(System.ComponentModel.ITypeDescriptorContext,System.Type)" line-rate="1" branch-rate="1" complexity="4">
              <lines>
                <line number="26" hits="32" branch="true" condition-coverage="100% (4/4)" />
              </lines>
            </method>
            <method name="ConvertTo" signature="(System.ComponentModel.ITypeDescriptorContext,System.Globalization.CultureInfo,System.Object,System.Type)" line-rate="1" branch-rate="0.8333333333333334" complexity="4">
              <lines>
                <line number="43" hits="32" branch="true" condition-coverage="83% (5/6)" />
                <line number="44" hits="32" branch="false" />
                <line number="45" hits="8" branch="false" />
                <line number="46" hits="16" branch="false" />
                <line number="48" hits="16" branch="false" />
                <line number="50" hits="16" branch="false" />
              </lines>
            </method>
            <method name="CanConvertFrom" signature="(System.ComponentModel.ITypeDescriptorContext,System.Type)" line-rate="1" branch-rate="1" complexity="2">
              <lines>
                <line number="63" hits="32" branch="true" condition-coverage="100% (2/2)" />
              </lines>
            </method>
            <method name="Dispose" signature="(System.Boolean)" line-rate="1" branch-rate="1" complexity="2">
              <lines>
                <line number="72" hits="96" branch="true" condition-coverage="100% (2/2)" />
                <line number="73" hits="48" branch="false" />
                <line number="74" hits="96" branch="true" condition-coverage="100% (2/2)" />
                <line number="75" hits="48" branch="false" />
                <line number="77" hits="48" branch="false" />
                <line number="81" hits="96" branch="false" />
                <line number="82" hits="48" branch="false" />
                <line number="83" hits="96" branch="false" />
              </lines>
            </method>
            <method name="Dispose" signature="()" line-rate="1" branch-rate="1" complexity="1">
              <lines>
                <line number="98" hits="96" branch="false" />
                <line number="99" hits="96" branch="false" />
                <line number="100" hits="96" branch="false" />
              </lines>
            </method>
          </methods>
          <lines>
            <line number="25" hits="16" branch="false" />
            <line number="26" hits="32" branch="true" condition-coverage="100% (4/4)" />
            <line number="27" hits="16" branch="false" />
            <line number="42" hits="16" branch="false" />
            <line number="43" hits="32" branch="true" condition-coverage="83% (5/6)" />
            <line number="44" hits="32" branch="false" />
            <line number="45" hits="8" branch="false" />
            <line number="46" hits="16" branch="false" />
            <line number="48" hits="16" branch="false" />
            <line number="50" hits="16" branch="false" />
            <line number="51" hits="16" branch="false" />
            <line number="62" hits="16" branch="false" />
            <line number="63" hits="32" branch="true" condition-coverage="100% (2/2)" />
            <line number="64" hits="16" branch="false" />
            <line number="71" hits="48" branch="false" />
            <line number="72" hits="96" branch="true" condition-coverage="100% (2/2)" />
            <line number="73" hits="48" branch="false" />
            <line number="74" hits="96" branch="true" condition-coverage="100% (2/2)" />
            <line number="75" hits="48" branch="false" />
            <line number="77" hits="48" branch="false" />
            <line number="81" hits="96" branch="false" />
            <line number="82" hits="48" branch="false" />
            <line number="83" hits="96" branch="false" />
            <line number="96" hits="48" branch="false" />
            <line number="98" hits="96" branch="false" />
            <line number="99" hits="96" branch="false" />
            <line number="100" hits="96" branch="false" />
          </lines>
        </class>
        <class name="PropertyGridHelpers.UIEditors.CollectionUIEditor`1" filename="c:\agent\_work\9\s\Code\PropertyGridHelpers\UIEditors\CollectionUIEditor.cs" line-rate="1" branch-rate="1" complexity="5">
          <methods>
            <method name="CreateInstance" signature="(System.Type)" line-rate="1" branch-rate="1" complexity="2">
              <lines>
                <line number="28" hits="16" branch="false" />
                <line number="29" hits="32" branch="true" condition-coverage="100% (2/2)" />
                <line number="30" hits="16" branch="false" />
              </lines>
            </method>
            <method name=".ctor" signature="()" line-rate="1" branch-rate="1" complexity="1">
              <lines>
                <line number="17" hits="32" branch="false" />
                <line number="18" hits="16" branch="false" />
                <line number="20" hits="32" branch="false" />
              </lines>
            </method>
            <method name="CreateInstance" signature="(System.Type)" line-rate="1" branch-rate="1" complexity="2">
              <lines>
                <line number="29" hits="32" branch="true" condition-coverage="100% (2/2)" />
              </lines>
            </method>
          </methods>
          <lines>
            <line number="17" hits="32" branch="false" />
            <line number="18" hits="16" branch="false" />
            <line number="20" hits="32" branch="false" />
            <line number="28" hits="16" branch="false" />
            <line number="29" hits="32" branch="true" condition-coverage="100% (2/2)" />
            <line number="30" hits="16" branch="false" />
          </lines>
        </class>
        <class name="PropertyGridHelpers.UIEditors.FlagEnumUIEditor" filename="c:\agent\_work\9\s\Code\PropertyGridHelpers\UIEditors\FlagEnumUIEditor.cs" line-rate="0.775" branch-rate="0.6666666666666666" complexity="30">
          <methods>
            <method name="get_FlagEnumCB" signature="()" line-rate="1" branch-rate="1" complexity="1">
              <lines>
                <line number="20" hits="112" branch="false" />
              </lines>
            </method>
            <method name="EditValue" signature="(System.ComponentModel.ITypeDescriptorContext,System.IServiceProvider,System.Object)" line-rate="0.4" branch-rate="0.5" complexity="8">
              <lines>
                <line number="49" hits="8" branch="false" />
                <line number="50" hits="16" branch="true" condition-coverage="50% (3/6)" />
                <line number="51" hits="16" branch="false" />
                <line number="52" hits="16" branch="false" />
                <line number="53" hits="0" branch="false" />
                <line number="55" hits="0" branch="false" />
                <line number="57" hits="0" branch="true" condition-coverage="50% (1/2)" />
                <line number="58" hits="0" branch="false" />
                <line number="59" hits="0" branch="false" />
                <line number="60" hits="0" branch="false" />
                <line number="61" hits="0" branch="false" />
                <line number="62" hits="0" branch="false" />
                <line number="64" hits="0" branch="false" />
                <line number="65" hits="16" branch="false" />
                <line number="66" hits="8" branch="false" />
              </lines>
            </method>
            <method name="GetEditStyle" signature="(System.ComponentModel.ITypeDescriptorContext)" line-rate="1" branch-rate="1" complexity="1">
              <lines>
                <line number="75" hits="16" branch="false" />
                <line number="76" hits="32" branch="false" />
                <line number="77" hits="16" branch="false" />
              </lines>
            </method>
            <method name="Dispose" signature="(System.Boolean)" line-rate="1" branch-rate="1" complexity="4">
              <lines>
                <line number="84" hits="24" branch="false" />
                <line number="85" hits="48" branch="true" condition-coverage="100% (2/2)" />
                <line number="86" hits="24" branch="false" />
                <line number="87" hits="48" branch="true" condition-coverage="100% (2/2)" />
                <line number="88" hits="24" branch="false" />
                <line number="89" hits="48" branch="false" />
                <line number="90" hits="24" branch="false" />
                <line number="92" hits="48" branch="false" />
                <line number="93" hits="24" branch="false" />
                <line number="94" hits="48" branch="false" />
              </lines>
            </method>
            <method name="Dispose" signature="()" line-rate="1" branch-rate="1" complexity="1">
              <lines>
                <line number="107" hits="24" branch="false" />
                <line number="109" hits="48" branch="false" />
                <line number="110" hits="48" branch="false" />
                <line number="111" hits="48" branch="false" />
              </lines>
            </method>
            <method name=".ctor" signature="()" line-rate="1" branch-rate="1" complexity="1">
              <lines>
                <line number="30" hits="48" branch="false" />
                <line number="31" hits="24" branch="false" />
                <line number="32" hits="48" branch="false" />
                <line number="33" hits="48" branch="false" />
                <line number="34" hits="48" branch="false" />
                <line number="35" hits="48" branch="false" />
                <line number="36" hits="48" branch="false" />
              </lines>
            </method>
            <method name="EditValue" signature="(System.ComponentModel.ITypeDescriptorContext,System.IServiceProvider,System.Object)" line-rate="0.3076923076923077" branch-rate="0.5" complexity="8">
              <lines>
                <line number="50" hits="16" branch="true" condition-coverage="50% (3/6)" />
                <line number="51" hits="16" branch="false" />
                <line number="52" hits="16" branch="false" />
                <line number="53" hits="0" branch="false" />
                <line number="55" hits="0" branch="false" />
                <line number="57" hits="0" branch="true" condition-coverage="50% (1/2)" />
                <line number="58" hits="0" branch="false" />
                <line number="59" hits="0" branch="false" />
                <line number="60" hits="0" branch="false" />
                <line number="61" hits="0" branch="false" />
                <line number="62" hits="0" branch="false" />
                <line number="64" hits="0" branch="false" />
                <line number="65" hits="16" branch="false" />
              </lines>
            </method>
            <method name="GetEditStyle" signature="(System.ComponentModel.ITypeDescriptorContext)" line-rate="1" branch-rate="1" complexity="1">
              <lines>
                <line number="76" hits="32" branch="false" />
              </lines>
            </method>
            <method name="Dispose" signature="(System.Boolean)" line-rate="1" branch-rate="1" complexity="4">
              <lines>
                <line number="85" hits="48" branch="true" condition-coverage="100% (2/2)" />
                <line number="86" hits="24" branch="false" />
                <line number="87" hits="48" branch="true" condition-coverage="100% (2/2)" />
                <line number="88" hits="24" branch="false" />
                <line number="89" hits="48" branch="false" />
                <line number="90" hits="24" branch="false" />
                <line number="92" hits="48" branch="false" />
                <line number="93" hits="24" branch="false" />
                <line number="94" hits="48" branch="false" />
              </lines>
            </method>
            <method name="Dispose" signature="()" line-rate="1" branch-rate="1" complexity="1">
              <lines>
                <line number="109" hits="48" branch="false" />
                <line number="110" hits="48" branch="false" />
                <line number="111" hits="48" branch="false" />
              </lines>
            </method>
          </methods>
          <lines>
            <line number="20" hits="112" branch="false" />
            <line number="30" hits="48" branch="false" />
            <line number="31" hits="24" branch="false" />
            <line number="32" hits="48" branch="false" />
            <line number="33" hits="48" branch="false" />
            <line number="34" hits="48" branch="false" />
            <line number="35" hits="48" branch="false" />
            <line number="36" hits="48" branch="false" />
            <line number="49" hits="8" branch="false" />
            <line number="50" hits="16" branch="true" condition-coverage="50% (3/6)" />
            <line number="51" hits="16" branch="false" />
            <line number="52" hits="16" branch="false" />
            <line number="53" hits="0" branch="false" />
            <line number="55" hits="0" branch="false" />
            <line number="57" hits="0" branch="true" condition-coverage="50% (1/2)" />
            <line number="58" hits="0" branch="false" />
            <line number="59" hits="0" branch="false" />
            <line number="60" hits="0" branch="false" />
            <line number="61" hits="0" branch="false" />
            <line number="62" hits="0" branch="false" />
            <line number="64" hits="0" branch="false" />
            <line number="65" hits="16" branch="false" />
            <line number="66" hits="8" branch="false" />
            <line number="75" hits="16" branch="false" />
            <line number="76" hits="32" branch="false" />
            <line number="77" hits="16" branch="false" />
            <line number="84" hits="24" branch="false" />
            <line number="85" hits="48" branch="true" condition-coverage="100% (2/2)" />
            <line number="86" hits="24" branch="false" />
            <line number="87" hits="48" branch="true" condition-coverage="100% (2/2)" />
            <line number="88" hits="24" branch="false" />
            <line number="89" hits="48" branch="false" />
            <line number="90" hits="24" branch="false" />
            <line number="92" hits="48" branch="false" />
            <line number="93" hits="24" branch="false" />
            <line number="94" hits="48" branch="false" />
            <line number="107" hits="24" branch="false" />
            <line number="109" hits="48" branch="false" />
            <line number="110" hits="48" branch="false" />
            <line number="111" hits="48" branch="false" />
          </lines>
        </class>
        <class name="PropertyGridHelpers.UIEditors.FlagEnumUIEditor`1" filename="c:\agent\_work\9\s\Code\PropertyGridHelpers\UIEditors\FlagEnumUIEditor.cs" line-rate="1" branch-rate="1" complexity="1">
          <methods>
            <method name=".ctor" signature="()" line-rate="1" branch-rate="1" complexity="1">
              <lines>
                <line number="126" hits="16" branch="false" />
                <line number="127" hits="8" branch="false" />
                <line number="128" hits="16" branch="false" />
                <line number="129" hits="16" branch="false" />
              </lines>
            </method>
          </methods>
          <lines>
            <line number="126" hits="16" branch="false" />
            <line number="127" hits="8" branch="false" />
            <line number="128" hits="16" branch="false" />
            <line number="129" hits="16" branch="false" />
          </lines>
        </class>
        <class name="PropertyGridHelpers.UIEditors.ImageTextUIEditor" filename="c:\agent\_work\9\s\Code\PropertyGridHelpers\UIEditors\ImageTextUIEditor.cs" line-rate="0.7560975609756098" branch-rate="0.625" complexity="19">
          <methods>
            <method name="GetPaintValueSupported" signature="(System.ComponentModel.ITypeDescriptorContext)" line-rate="1" branch-rate="1" complexity="1">
              <lines>
                <line number="56" hits="16" branch="false" />
              </lines>
            </method>
            <method name="PaintValue" signature="(System.Drawing.Design.PaintValueEventArgs)" line-rate="0.4117647058823529" branch-rate="0.25" complexity="4">
              <lines>
                <line number="63" hits="8" branch="false" />
                <line number="64" hits="16" branch="false" />
                <line number="65" hits="16" branch="false" />
                <line number="66" hits="16" branch="false" />
                <line number="67" hits="16" branch="false" />
                <line number="69" hits="16" branch="true" condition-coverage="50% (1/2)" />
                <line number="70" hits="0" branch="false" />
                <line number="71" hits="0" branch="false" />
                <line number="73" hits="0" branch="false" />
                <line number="77" hits="0" branch="true" condition-coverage="0% (0/2)" />
                <line number="78" hits="0" branch="false" />
                <line number="81" hits="0" branch="false" />
                <line number="82" hits="0" branch="false" />
                <line number="83" hits="0" branch="false" />
                <line number="84" hits="0" branch="false" />
                <line number="85" hits="0" branch="false" />
                <line number="86" hits="16" branch="false" />
              </lines>
            </method>
            <method name="Dispose" signature="(System.Boolean)" line-rate="1" branch-rate="1" complexity="4">
              <lines>
                <line number="93" hits="8" branch="false" />
                <line number="94" hits="16" branch="true" condition-coverage="100% (2/2)" />
                <line number="95" hits="8" branch="false" />
                <line number="96" hits="16" branch="true" condition-coverage="100% (2/2)" />
                <line number="97" hits="8" branch="false" />
                <line number="98" hits="8" branch="false" />
                <line number="100" hits="16" branch="false" />
                <line number="101" hits="8" branch="false" />
                <line number="102" hits="16" branch="false" />
              </lines>
            </method>
            <method name="Dispose" signature="()" line-rate="1" branch-rate="1" complexity="1">
              <lines>
                <line number="115" hits="8" branch="false" />
                <line number="117" hits="16" branch="false" />
                <line number="118" hits="16" branch="false" />
                <line number="119" hits="16" branch="false" />
              </lines>
            </method>
            <method name=".ctor" signature="(System.Type)" line-rate="1" branch-rate="1" complexity="1">
              <lines>
                <line number="35" hits="32" branch="false" />
                <line number="36" hits="16" branch="false" />
                <line number="37" hits="32" branch="false" />
                <line number="38" hits="32" branch="false" />
                <line number="39" hits="32" branch="false" />
              </lines>
            </method>
            <method name=".ctor" signature="(System.Type,System.String)" line-rate="1" branch-rate="1" complexity="1">
              <lines>
                <line number="46" hits="48" branch="false" />
                <line number="47" hits="24" branch="false" />
                <line number="48" hits="48" branch="false" />
                <line number="49" hits="48" branch="false" />
                <line number="50" hits="48" branch="false" />
              </lines>
            </method>
            <method name="PaintValue" signature="(System.Drawing.Design.PaintValueEventArgs)" line-rate="0.375" branch-rate="0.25" complexity="4">
              <lines>
                <line number="64" hits="16" branch="false" />
                <line number="65" hits="16" branch="false" />
                <line number="66" hits="16" branch="false" />
                <line number="67" hits="16" branch="false" />
                <line number="69" hits="16" branch="true" condition-coverage="50% (1/2)" />
                <line number="70" hits="0" branch="false" />
                <line number="71" hits="0" branch="false" />
                <line number="73" hits="0" branch="false" />
                <line number="77" hits="0" branch="true" condition-coverage="0% (0/2)" />
                <line number="78" hits="0" branch="false" />
                <line number="81" hits="0" branch="false" />
                <line number="82" hits="0" branch="false" />
                <line number="83" hits="0" branch="false" />
                <line number="84" hits="0" branch="false" />
                <line number="85" hits="0" branch="false" />
                <line number="86" hits="16" branch="false" />
              </lines>
            </method>
            <method name="Dispose" signature="(System.Boolean)" line-rate="1" branch-rate="1" complexity="2">
              <lines>
                <line number="94" hits="16" branch="true" condition-coverage="100% (2/2)" />
                <line number="95" hits="8" branch="false" />
                <line number="96" hits="16" branch="true" condition-coverage="100% (2/2)" />
                <line number="97" hits="8" branch="false" />
                <line number="98" hits="8" branch="false" />
                <line number="100" hits="16" branch="false" />
                <line number="101" hits="8" branch="false" />
                <line number="102" hits="16" branch="false" />
              </lines>
            </method>
            <method name="Dispose" signature="()" line-rate="1" branch-rate="1" complexity="1">
              <lines>
                <line number="117" hits="16" branch="false" />
                <line number="118" hits="16" branch="false" />
                <line number="119" hits="16" branch="false" />
              </lines>
            </method>
          </methods>
          <lines>
            <line number="35" hits="32" branch="false" />
            <line number="36" hits="16" branch="false" />
            <line number="37" hits="32" branch="false" />
            <line number="38" hits="32" branch="false" />
            <line number="39" hits="32" branch="false" />
            <line number="46" hits="48" branch="false" />
            <line number="47" hits="24" branch="false" />
            <line number="48" hits="48" branch="false" />
            <line number="49" hits="48" branch="false" />
            <line number="50" hits="48" branch="false" />
            <line number="56" hits="16" branch="false" />
            <line number="63" hits="8" branch="false" />
            <line number="64" hits="16" branch="false" />
            <line number="65" hits="16" branch="false" />
            <line number="66" hits="16" branch="false" />
            <line number="67" hits="16" branch="false" />
            <line number="69" hits="16" branch="true" condition-coverage="50% (1/2)" />
            <line number="70" hits="0" branch="false" />
            <line number="71" hits="0" branch="false" />
            <line number="73" hits="0" branch="false" />
            <line number="77" hits="0" branch="true" condition-coverage="0% (0/2)" />
            <line number="78" hits="0" branch="false" />
            <line number="81" hits="0" branch="false" />
            <line number="82" hits="0" branch="false" />
            <line number="83" hits="0" branch="false" />
            <line number="84" hits="0" branch="false" />
            <line number="85" hits="0" branch="false" />
            <line number="86" hits="16" branch="false" />
            <line number="93" hits="8" branch="false" />
            <line number="94" hits="16" branch="true" condition-coverage="100% (2/2)" />
            <line number="95" hits="8" branch="false" />
            <line number="96" hits="16" branch="true" condition-coverage="100% (2/2)" />
            <line number="97" hits="8" branch="false" />
            <line number="98" hits="8" branch="false" />
            <line number="100" hits="16" branch="false" />
            <line number="101" hits="8" branch="false" />
            <line number="102" hits="16" branch="false" />
            <line number="115" hits="8" branch="false" />
            <line number="117" hits="16" branch="false" />
            <line number="118" hits="16" branch="false" />
            <line number="119" hits="16" branch="false" />
          </lines>
        </class>
        <class name="PropertyGridHelpers.UIEditors.ImageTextUIEditor`1" filename="c:\agent\_work\9\s\Code\PropertyGridHelpers\UIEditors\ImageTextUIEditor.cs" line-rate="0.5" branch-rate="1" complexity="2">
          <methods>
            <method name=".ctor" signature="()" line-rate="0" branch-rate="1" complexity="1">
              <lines>
                <line number="134" hits="0" branch="false" />
                <line number="135" hits="0" branch="false" />
                <line number="136" hits="0" branch="false" />
              </lines>
            </method>
            <method name=".ctor" signature="(System.String)" line-rate="1" branch-rate="1" complexity="1">
              <lines>
                <line number="142" hits="16" branch="false" />
                <line number="143" hits="8" branch="false" />
                <line number="144" hits="16" branch="false" />
              </lines>
            </method>
          </methods>
          <lines>
            <line number="134" hits="0" branch="false" />
            <line number="135" hits="0" branch="false" />
            <line number="136" hits="0" branch="false" />
            <line number="142" hits="16" branch="false" />
            <line number="143" hits="8" branch="false" />
            <line number="144" hits="16" branch="false" />
          </lines>
        </class>
      </classes>
    </package>
  </packages>
</coverage>